Using pre-set license
Built from '2022.3/staging' branch; Version is '2022.3.17f1 (4fc78088f837) revision 5228416'; Using compiler version '192829333'; Build Type 'Release'
OS: 'Windows 11  (10.0.22631) 64bit CoreCountrySpecific' Language: 'zh' Physical Memory: 16108 MB
BatchMode: 1, IsHumanControllingUs: 0, StartBugReporterOnCrash: 0, Is64bit: 1, IsPro: 1

COMMAND LINE ARGUMENTS:
E:\2022.3.17f1\Editor\Unity.exe
-adb2
-batchMode
-noUpm
-name
AssetImportWorker3
-projectPath
E:/FMG-Project2/GreekAsset/My project (2)
-logFile
Logs/AssetImportWorker3.log
-srvPort
64826
Successfully changed project path to: E:/FMG-Project2/GreekAsset/My project (2)
E:/FMG-Project2/GreekAsset/My project (2)
[UnityMemory] Configuration Parameters - Can be set up in boot.config
    "memorysetup-bucket-allocator-granularity=16"
    "memorysetup-bucket-allocator-bucket-count=8"
    "memorysetup-bucket-allocator-block-size=33554432"
    "memorysetup-bucket-allocator-block-count=8"
    "memorysetup-main-allocator-block-size=16777216"
    "memorysetup-thread-allocator-block-size=16777216"
    "memorysetup-gfx-main-allocator-block-size=16777216"
    "memorysetup-gfx-thread-allocator-block-size=16777216"
    "memorysetup-cache-allocator-block-size=4194304"
    "memorysetup-typetree-allocator-block-size=2097152"
    "memorysetup-profiler-bucket-allocator-granularity=16"
    "memorysetup-profiler-bucket-allocator-bucket-count=8"
    "memorysetup-profiler-bucket-allocator-block-size=33554432"
    "memorysetup-profiler-bucket-allocator-block-count=8"
    "memorysetup-profiler-allocator-block-size=16777216"
    "memorysetup-profiler-editor-allocator-block-size=1048576"
    "memorysetup-temp-allocator-size-main=16777216"
    "memorysetup-job-temp-allocator-block-size=2097152"
    "memorysetup-job-temp-allocator-block-size-background=1048576"
    "memorysetup-job-temp-allocator-reduction-small-platforms=262144"
    "memorysetup-allocator-temp-initial-block-size-main=262144"
    "memorysetup-allocator-temp-initial-block-size-worker=262144"
    "memorysetup-temp-allocator-size-background-worker=32768"
    "memorysetup-temp-allocator-size-job-worker=262144"
    "memorysetup-temp-allocator-size-preload-manager=33554432"
    "memorysetup-temp-allocator-size-nav-mesh-worker=65536"
    "memorysetup-temp-allocator-size-audio-worker=65536"
    "memorysetup-temp-allocator-size-cloud-worker=32768"
    "memorysetup-temp-allocator-size-gi-baking-worker=262144"
    "memorysetup-temp-allocator-size-gfx=262144"
Player connection [12552] Host "[IP] 10.0.0.160 [Port] 0 [Flags] 2 [Guid] 991428477 [EditorId] 991428477 [Version] 1048832 [Id] WindowsEditor(7,EUthana) [Debug] 1 [PackageName] WindowsEditor [ProjectName] Editor" joined multi-casting on [225.0.0.222:54997]...

Player connection [12552] Host "[IP] 10.0.0.160 [Port] 0 [Flags] 2 [Guid] 991428477 [EditorId] 991428477 [Version] 1048832 [Id] WindowsEditor(7,EUthana) [Debug] 1 [PackageName] WindowsEditor [ProjectName] Editor" joined alternative multi-casting on [225.0.0.222:34997]...

[Physics::Module] Initialized MultithreadedJobDispatcher with 19 workers.
Refreshing native plugins compatible for Editor in 7.54 ms, found 3 plugins.
Preloading 0 native plugins for Editor in 0.00 ms.
Initialize engine version: 2022.3.17f1 (4fc78088f837)
[Subsystems] Discovering subsystems at path E:/2022.3.17f1/Editor/Data/Resources/UnitySubsystems
[Subsystems] Discovering subsystems at path E:/FMG-Project2/GreekAsset/My project (2)/Assets
GfxDevice: creating device client; threaded=0; jobified=0
Direct3D:
    Version:  Direct3D 11.0 [level 11.1]
    Renderer: NVIDIA GeForce RTX 3060 Laptop GPU (ID=0x2560)
    Vendor:   NVIDIA
    VRAM:     5996 MB
    Driver:   31.0.15.5222
Initialize mono
Mono path[0] = 'E:/2022.3.17f1/Editor/Data/Managed'
Mono path[1] = 'E:/2022.3.17f1/Editor/Data/MonoBleedingEdge/lib/mono/unityjit-win32'
Mono config path = 'E:/2022.3.17f1/Editor/Data/MonoBleedingEdge/etc'
Using monoOptions --debugger-agent=transport=dt_socket,embedding=1,server=y,suspend=n,address=127.0.0.1:56068
Begin MonoManager ReloadAssembly
Registering precompiled unity dll's ...
Register platform support module: E:/2022.3.17f1/Editor/Data/PlaybackEngines/WindowsStandaloneSupport/UnityEditor.WindowsStandalone.Extensions.dll
Registered in 0.002876 seconds.
- Loaded All Assemblies, in  0.290 seconds
Native extension for WindowsStandalone target not found
Mono: successfully reloaded assembly
- Finished resetting the current domain, in  0.200 seconds
Domain Reload Profiling: 491ms
	BeginReloadAssembly (121ms)
		ExecutionOrderSort (0ms)
		DisableScriptedObjects (0ms)
		BackupInstance (0ms)
		ReleaseScriptingObjects (0ms)
		CreateAndSetChildDomain (0ms)
	RebuildCommonClasses (24ms)
	RebuildNativeTypeToScriptingClass (7ms)
	initialDomainReloadingComplete (36ms)
	LoadAllAssembliesAndSetupDomain (101ms)
		LoadAssemblies (122ms)
		RebuildTransferFunctionScriptingTraits (0ms)
		AnalyzeDomain (99ms)
			TypeCache.Refresh (97ms)
				TypeCache.ScanAssembly (86ms)
			ScanForSourceGeneratedMonoScriptInfo (0ms)
			ResolveRequiredComponents (1ms)
	FinalizeReload (200ms)
		ReleaseScriptCaches (0ms)
		RebuildScriptCaches (0ms)
		SetupLoadedEditorAssemblies (157ms)
			LogAssemblyErrors (0ms)
			InitializePlatformSupportModulesInManaged (6ms)
			SetLoadedEditorAssemblies (6ms)
			RefreshPlugins (0ms)
			BeforeProcessingInitializeOnLoad (2ms)
			ProcessInitializeOnLoadAttributes (105ms)
			ProcessInitializeOnLoadMethodAttributes (39ms)
			AfterProcessingInitializeOnLoad (0ms)
			EditorAssembliesLoaded (0ms)
		ExecutionOrderSort2 (0ms)
		AwakeInstancesAfterBackupRestoration (0ms)
========================================================================
Worker process is ready to serve import requests
Begin MonoManager ReloadAssembly
- Loaded All Assemblies, in  0.497 seconds
Refreshing native plugins compatible for Editor in 1.77 ms, found 3 plugins.
Native extension for WindowsStandalone target not found
Package Manager log level set to [2]
[Package Manager] Server::EnsureServerProcessIsRunning -- launch failed, reason: Unity was launched with the -noUpm command-line argument
[Package Manager] UpmClient::Send -- Unable to send message (not connected to UPM process).
[Package Manager] Cannot connect to Unity Package Manager local server
Mono: successfully reloaded assembly
- Finished resetting the current domain, in  0.450 seconds
Domain Reload Profiling: 946ms
	BeginReloadAssembly (138ms)
		ExecutionOrderSort (0ms)
		DisableScriptedObjects (4ms)
		BackupInstance (0ms)
		ReleaseScriptingObjects (0ms)
		CreateAndSetChildDomain (18ms)
	RebuildCommonClasses (25ms)
	RebuildNativeTypeToScriptingClass (7ms)
	initialDomainReloadingComplete (28ms)
	LoadAllAssembliesAndSetupDomain (299ms)
		LoadAssemblies (251ms)
		RebuildTransferFunctionScriptingTraits (0ms)
		AnalyzeDomain (139ms)
			TypeCache.Refresh (122ms)
				TypeCache.ScanAssembly (108ms)
			ScanForSourceGeneratedMonoScriptInfo (13ms)
			ResolveRequiredComponents (2ms)
	FinalizeReload (450ms)
		ReleaseScriptCaches (0ms)
		RebuildScriptCaches (0ms)
		SetupLoadedEditorAssemblies (337ms)
			LogAssemblyErrors (0ms)
			InitializePlatformSupportModulesInManaged (3ms)
			SetLoadedEditorAssemblies (3ms)
			RefreshPlugins (0ms)
			BeforeProcessingInitializeOnLoad (37ms)
			ProcessInitializeOnLoadAttributes (275ms)
			ProcessInitializeOnLoadMethodAttributes (17ms)
			AfterProcessingInitializeOnLoad (2ms)
			EditorAssembliesLoaded (0ms)
		ExecutionOrderSort2 (0ms)
		AwakeInstancesAfterBackupRestoration (11ms)
Launched and connected shader compiler UnityShaderCompiler.exe after 0.07 seconds
Refreshing native plugins compatible for Editor in 2.98 ms, found 3 plugins.
Preloading 0 native plugins for Editor in 0.00 ms.
Unloading 3092 Unused Serialized files (Serialized files now loaded: 0)
Unloading 32 unused Assets / (57.3 KB). Loaded Objects now: 3553.
Memory consumption went from 123.2 MB to 123.1 MB.
Total: 2.614800 ms (FindLiveObjects: 0.280200 ms CreateObjectMapping: 0.089500 ms MarkObjects: 2.146500 ms  DeleteObjects: 0.097000 ms)

AssetImportParameters requested are different than current active one (requested -> active):
  custom:container-demuxer-ogg: 62fdf1f143b41e24485cea50d1cbac27 -> 
  custom:video-codec-MediaFoundation-h265: 746d11721c4dcdbdad8f713fa42b33f4 -> 
  custom:video-decoder-ogg-theora: a1e56fd34408186e4bbccfd4996cb3dc -> 
  custom:framework-win-MediaFoundation: 216162199b28c13a410421893ffa2e32 -> 
  custom:CustomObjectIndexerAttribute: 6d391050e5a25f67b0a2c618074f2cd9 -> 
  custom:container-demuxer-webm: 4f35f7cbe854078d1ac9338744f61a02 -> 
  custom:container-muxer-webm: aa71ff27fc2769a1b78a27578f13a17b -> 
  custom:video-decoder-webm-vp8: 9c59270c3fd7afecdb556c50c9e8de78 -> 
  custom:SearchIndexIgnoredProperties: e643bd26f0fe6173181afceb89e7c659 -> 
  custom:AudioImporter_EditorPlatform: d09bf68614088b80899f8185d706f6e7 -> 
  custom:video-encoder-webm-vp8: eb34c28f22e8b96e1ab97ce403110664 -> 
  custom:audio-decoder-ogg-vorbis: bf7c407c2cedff20999df2af8eb42d56 -> 
  custom:audio-encoder-webm-vorbis: bf7c407c2cedff20999df2af8eb42d56 -> 
========================================================================
Received Import Request.
  Time since last request: 339277.489410 seconds.
  path: Assets/3DModeling/step&colums/c2.obj
  artifactKey: Guid(1fe8d70a23a10bb42bcba61ea2b0d0b2) Importer(815301076,1909f56bfc062723c751e8b465ee728b)
Start importing Assets/3DModeling/step&colums/c2.obj using Guid(1fe8d70a23a10bb42bcba61ea2b0d0b2) Importer(815301076,1909f56bfc062723c751e8b465ee728b)  -> (artifact id: '1ff679d58c627357d11fee8a1a5a8d02') in 0.128165 seconds
Number of updated asset objects reloaded before import = 0
Number of asset objects unloaded after import = 11
========================================================================
Received Import Request.
  Time since last request: 0.000023 seconds.
  path: Assets/3DModeling/step&colums/f_diva_stgns105_hr_bmp_037.png
  artifactKey: Guid(cce0ac7eae620044da8f6cd789983c19) Importer(815301076,1909f56bfc062723c751e8b465ee728b)
Start importing Assets/3DModeling/step&colums/f_diva_stgns105_hr_bmp_037.png using Guid(cce0ac7eae620044da8f6cd789983c19) Importer(815301076,1909f56bfc062723c751e8b465ee728b)  -> (artifact id: 'd97d697912f122556fa0ae9c4f365944') in 0.011058 seconds
Number of updated asset objects reloaded before import = 0
Number of asset objects unloaded after import = 2
========================================================================
Received Import Request.
  Time since last request: 0.000018 seconds.
  path: Assets/3DModeling/step&colums/f_diva_stgns105_hr_bmp_035.png
  artifactKey: Guid(739709392501625459bb8f68494bb54d) Importer(815301076,1909f56bfc062723c751e8b465ee728b)
Start importing Assets/3DModeling/step&colums/f_diva_stgns105_hr_bmp_035.png using Guid(739709392501625459bb8f68494bb54d) Importer(815301076,1909f56bfc062723c751e8b465ee728b)  -> (artifact id: 'ec0a01bfbe2afc99133cf47887b13963') in 0.005002 seconds
Number of updated asset objects reloaded before import = 0
Number of asset objects unloaded after import = 2
========================================================================
Received Import Request.
  Time since last request: 0.000018 seconds.
  path: Assets/3DModeling/step&colums/f_diva_stgns105_hr_bmp_057.png
  artifactKey: Guid(24a8450583b36ff42b0b847ce52dac56) Importer(815301076,1909f56bfc062723c751e8b465ee728b)
Start importing Assets/3DModeling/step&colums/f_diva_stgns105_hr_bmp_057.png using Guid(24a8450583b36ff42b0b847ce52dac56) Importer(815301076,1909f56bfc062723c751e8b465ee728b)  -> (artifact id: '764b187d126e1ea36969ae96c92ea353') in 0.004824 seconds
Number of updated asset objects reloaded before import = 0
Number of asset objects unloaded after import = 2
========================================================================
Received Import Request.
  Time since last request: 0.000054 seconds.
  path: Assets/3DModeling/step&colums/f_diva_stgns105_hr_bmp_005.png
  artifactKey: Guid(5679392c16031af4d9dd16669a918f51) Importer(815301076,1909f56bfc062723c751e8b465ee728b)
Start importing Assets/3DModeling/step&colums/f_diva_stgns105_hr_bmp_005.png using Guid(5679392c16031af4d9dd16669a918f51) Importer(815301076,1909f56bfc062723c751e8b465ee728b)  -> (artifact id: '7f077674f45030ee10642e252862e820') in 0.005834 seconds
Number of updated asset objects reloaded before import = 0
Number of asset objects unloaded after import = 2
========================================================================
Received Import Request.
  Time since last request: 0.000014 seconds.
  path: Assets/3DModeling/step&colums/f_diva_stgns105_hr_bmp_030.png
  artifactKey: Guid(479383bf70d00514c9f3040389d11a83) Importer(815301076,1909f56bfc062723c751e8b465ee728b)
Start importing Assets/3DModeling/step&colums/f_diva_stgns105_hr_bmp_030.png using Guid(479383bf70d00514c9f3040389d11a83) Importer(815301076,1909f56bfc062723c751e8b465ee728b)  -> (artifact id: '2b81f6d7bbbfa81657792dbf412466dd') in 0.004643 seconds
Number of updated asset objects reloaded before import = 0
Number of asset objects unloaded after import = 2
========================================================================
Received Import Request.
  Time since last request: 0.000042 seconds.
  path: Assets/3DModeling/step&colums/f_diva_stgns105_hr_bmp_056.png
  artifactKey: Guid(b8f00504a6598c14e869cc2c6d57518b) Importer(815301076,1909f56bfc062723c751e8b465ee728b)
Start importing Assets/3DModeling/step&colums/f_diva_stgns105_hr_bmp_056.png using Guid(b8f00504a6598c14e869cc2c6d57518b) Importer(815301076,1909f56bfc062723c751e8b465ee728b)  -> (artifact id: '15fc835b04e64bac5ac04ccc045f6e94') in 0.004601 seconds
Number of updated asset objects reloaded before import = 0
Number of asset objects unloaded after import = 2
========================================================================
Received Import Request.
  Time since last request: 0.000020 seconds.
  path: Assets/3DModeling/step&colums/f_diva_stgns105_hr_bmp_018.png
  artifactKey: Guid(12dd473811e2ab7439326ceb59c9c957) Importer(815301076,1909f56bfc062723c751e8b465ee728b)
Start importing Assets/3DModeling/step&colums/f_diva_stgns105_hr_bmp_018.png using Guid(12dd473811e2ab7439326ceb59c9c957) Importer(815301076,1909f56bfc062723c751e8b465ee728b)  -> (artifact id: '2379d460c88caecaab502d08d5a3e296') in 0.005815 seconds
Number of updated asset objects reloaded before import = 0
Number of asset objects unloaded after import = 2
========================================================================
Received Import Request.
  Time since last request: 0.000015 seconds.
  path: Assets/3DModeling/step&colums/f_diva_stgns105_hr_bmp_045.png
  artifactKey: Guid(348fd1fc69acb7741a0544f9025951f7) Importer(815301076,1909f56bfc062723c751e8b465ee728b)
Start importing Assets/3DModeling/step&colums/f_diva_stgns105_hr_bmp_045.png using Guid(348fd1fc69acb7741a0544f9025951f7) Importer(815301076,1909f56bfc062723c751e8b465ee728b)  -> (artifact id: '831cf16fbc10236051e4146fe19bae6c') in 0.005312 seconds
Number of updated asset objects reloaded before import = 0
Number of asset objects unloaded after import = 2
========================================================================
Received Import Request.
  Time since last request: 0.000037 seconds.
  path: Assets/3DModeling/step&colums/f_diva_stgns105_hr_bmp_051.png
  artifactKey: Guid(3cf62b42d47aec049a7956c83b7628f4) Importer(815301076,1909f56bfc062723c751e8b465ee728b)
Start importing Assets/3DModeling/step&colums/f_diva_stgns105_hr_bmp_051.png using Guid(3cf62b42d47aec049a7956c83b7628f4) Importer(815301076,1909f56bfc062723c751e8b465ee728b)  -> (artifact id: '9022ac79810243fc8bdeb674b2d5055f') in 0.006062 seconds
Number of updated asset objects reloaded before import = 0
Number of asset objects unloaded after import = 2
========================================================================
Received Import Request.
  Time since last request: 0.000020 seconds.
  path: Assets/3DModeling/step&colums/f_diva_stgns105_hr_bmp_038.png
  artifactKey: Guid(3fafaf75e8bc1de42b8873247cd0e0a0) Importer(815301076,1909f56bfc062723c751e8b465ee728b)
Start importing Assets/3DModeling/step&colums/f_diva_stgns105_hr_bmp_038.png using Guid(3fafaf75e8bc1de42b8873247cd0e0a0) Importer(815301076,1909f56bfc062723c751e8b465ee728b)  -> (artifact id: '334edf1e29450ead24fd22bd2346029f') in 0.005503 seconds
Number of updated asset objects reloaded before import = 0
Number of asset objects unloaded after import = 2
========================================================================
Received Import Request.
  Time since last request: 0.000022 seconds.
  path: Assets/3DModeling/step&colums/f_diva_stgns105_hr_bmp_040.png
  artifactKey: Guid(df14339bf9c9b0b4bb1b873ebfa5a314) Importer(815301076,1909f56bfc062723c751e8b465ee728b)
Start importing Assets/3DModeling/step&colums/f_diva_stgns105_hr_bmp_040.png using Guid(df14339bf9c9b0b4bb1b873ebfa5a314) Importer(815301076,1909f56bfc062723c751e8b465ee728b)  -> (artifact id: 'fb4e64388863a42e6049317b56fe8a57') in 0.004097 seconds
Number of updated asset objects reloaded before import = 0
Number of asset objects unloaded after import = 2
========================================================================
Received Import Request.
  Time since last request: 0.000027 seconds.
  path: Assets/3DModeling/step&colums/f_diva_stgns105_hr_bmp_002.png
  artifactKey: Guid(82089e7680c85594cbaa2d52cb2cbee7) Importer(815301076,1909f56bfc062723c751e8b465ee728b)
Start importing Assets/3DModeling/step&colums/f_diva_stgns105_hr_bmp_002.png using Guid(82089e7680c85594cbaa2d52cb2cbee7) Importer(815301076,1909f56bfc062723c751e8b465ee728b)  -> (artifact id: '807a50079824757b410c07d11a29360f') in 0.005709 seconds
Number of updated asset objects reloaded before import = 0
Number of asset objects unloaded after import = 2
========================================================================
Received Import Request.
  Time since last request: 0.000024 seconds.
  path: Assets/3DModeling/step&colums/f_diva_stgns105_hr_bmp_043.png
  artifactKey: Guid(6c2cad4262c9cbb4e8d4f5858aad0f4f) Importer(815301076,1909f56bfc062723c751e8b465ee728b)
Start importing Assets/3DModeling/step&colums/f_diva_stgns105_hr_bmp_043.png using Guid(6c2cad4262c9cbb4e8d4f5858aad0f4f) Importer(815301076,1909f56bfc062723c751e8b465ee728b)  -> (artifact id: '17c2036edfca1b7a055ad15209ade40c') in 0.006229 seconds
Number of updated asset objects reloaded before import = 0
Number of asset objects unloaded after import = 2
========================================================================
Received Import Request.
  Time since last request: 0.000020 seconds.
  path: Assets/3DModeling/step&colums/f_diva_stgns105_hr_bmp_012.png
  artifactKey: Guid(06002089cd1e96747ac5c6d3376015f0) Importer(815301076,1909f56bfc062723c751e8b465ee728b)
Start importing Assets/3DModeling/step&colums/f_diva_stgns105_hr_bmp_012.png using Guid(06002089cd1e96747ac5c6d3376015f0) Importer(815301076,1909f56bfc062723c751e8b465ee728b)  -> (artifact id: 'fa348518348adb5b360bac940d642e93') in 0.005355 seconds
Number of updated asset objects reloaded before import = 0
Number of asset objects unloaded after import = 2
========================================================================
Received Import Request.
  Time since last request: 0.000015 seconds.
  path: Assets/3DModeling/step&colums/f_diva_stgns105_hr_bmp_042.png
  artifactKey: Guid(1b89863764c6ce14a8568386753ed209) Importer(815301076,1909f56bfc062723c751e8b465ee728b)
Start importing Assets/3DModeling/step&colums/f_diva_stgns105_hr_bmp_042.png using Guid(1b89863764c6ce14a8568386753ed209) Importer(815301076,1909f56bfc062723c751e8b465ee728b)  -> (artifact id: '86636a1ceccb65b61c5d7494ad940505') in 0.005447 seconds
Number of updated asset objects reloaded before import = 0
Number of asset objects unloaded after import = 2
========================================================================
Received Import Request.
  Time since last request: 0.000018 seconds.
  path: Assets/3DModeling/step&colums/f_diva_stgns105_hr_bmp_009.png
  artifactKey: Guid(f52ad5cf5d4098f43a2cd0cbaf210732) Importer(815301076,1909f56bfc062723c751e8b465ee728b)
Start importing Assets/3DModeling/step&colums/f_diva_stgns105_hr_bmp_009.png using Guid(f52ad5cf5d4098f43a2cd0cbaf210732) Importer(815301076,1909f56bfc062723c751e8b465ee728b)  -> (artifact id: '3f2bc2b994b12ca034db12bff0f25295') in 0.005394 seconds
Number of updated asset objects reloaded before import = 0
Number of asset objects unloaded after import = 2
========================================================================
Received Import Request.
  Time since last request: 0.000019 seconds.
  path: Assets/3DModeling/step&colums/f_diva_stgns105_hr_bmp_015.png
  artifactKey: Guid(ddc5b423461305d4696d29f87f6a5c82) Importer(815301076,1909f56bfc062723c751e8b465ee728b)
Start importing Assets/3DModeling/step&colums/f_diva_stgns105_hr_bmp_015.png using Guid(ddc5b423461305d4696d29f87f6a5c82) Importer(815301076,1909f56bfc062723c751e8b465ee728b)  -> (artifact id: '1ebf602bc8f1a774b452f5bb133ddbe9') in 0.005177 seconds
Number of updated asset objects reloaded before import = 0
Number of asset objects unloaded after import = 2
========================================================================
Received Import Request.
  Time since last request: 0.000021 seconds.
  path: Assets/3DModeling/step&colums/f_diva_stgns105_hr_bmp_010.png
  artifactKey: Guid(4ace02bfb2c7ec8429483b1409a7ddf7) Importer(815301076,1909f56bfc062723c751e8b465ee728b)
Start importing Assets/3DModeling/step&colums/f_diva_stgns105_hr_bmp_010.png using Guid(4ace02bfb2c7ec8429483b1409a7ddf7) Importer(815301076,1909f56bfc062723c751e8b465ee728b)  -> (artifact id: 'aa00235a9f68e7547b16165081441f37') in 0.005595 seconds
Number of updated asset objects reloaded before import = 0
Number of asset objects unloaded after import = 2
========================================================================
Received Import Request.
  Time since last request: 0.000016 seconds.
  path: Assets/3DModeling/step&colums/f_diva_stgns105_hr_bmp_021.png
  artifactKey: Guid(1adcc30b5aea6c143b1c7d177f6c2679) Importer(815301076,1909f56bfc062723c751e8b465ee728b)
Start importing Assets/3DModeling/step&colums/f_diva_stgns105_hr_bmp_021.png using Guid(1adcc30b5aea6c143b1c7d177f6c2679) Importer(815301076,1909f56bfc062723c751e8b465ee728b)  -> (artifact id: 'fc5d088bbafc6c175027b863d5de69be') in 0.006059 seconds
Number of updated asset objects reloaded before import = 0
Number of asset objects unloaded after import = 2
========================================================================
Received Import Request.
  Time since last request: 0.000018 seconds.
  path: Assets/3DModeling/step&colums/f_diva_stgns105_hr_bmp_000.png
  artifactKey: Guid(28aaab91201f20b48958c2f1eb272d7e) Importer(815301076,1909f56bfc062723c751e8b465ee728b)
Start importing Assets/3DModeling/step&colums/f_diva_stgns105_hr_bmp_000.png using Guid(28aaab91201f20b48958c2f1eb272d7e) Importer(815301076,1909f56bfc062723c751e8b465ee728b)  -> (artifact id: '57b2b9b1e3e187e2770a8ec592fe029a') in 0.005427 seconds
Number of updated asset objects reloaded before import = 0
Number of asset objects unloaded after import = 2
========================================================================
Received Import Request.
  Time since last request: 0.000022 seconds.
  path: Assets/3DModeling/step&colums/f_diva_stgns105_hr_bmp_044.png
  artifactKey: Guid(30c26d1a37e12f340a16e54ad067db4c) Importer(815301076,1909f56bfc062723c751e8b465ee728b)
Start importing Assets/3DModeling/step&colums/f_diva_stgns105_hr_bmp_044.png using Guid(30c26d1a37e12f340a16e54ad067db4c) Importer(815301076,1909f56bfc062723c751e8b465ee728b)  -> (artifact id: '91e4390cdadcc29c06af04862cf6244b') in 0.006698 seconds
Number of updated asset objects reloaded before import = 0
Number of asset objects unloaded after import = 2
========================================================================
Received Import Request.
  Time since last request: 0.000025 seconds.
  path: Assets/3DModeling/step&colums/f_diva_stgns105_hr_bmp_013.png
  artifactKey: Guid(4661c28f9e013964cba8985cad53d199) Importer(815301076,1909f56bfc062723c751e8b465ee728b)
Start importing Assets/3DModeling/step&colums/f_diva_stgns105_hr_bmp_013.png using Guid(4661c28f9e013964cba8985cad53d199) Importer(815301076,1909f56bfc062723c751e8b465ee728b)  -> (artifact id: '695a8eaf1cbee799f23285cff751655a') in 0.004231 seconds
Number of updated asset objects reloaded before import = 0
Number of asset objects unloaded after import = 2
========================================================================
Received Import Request.
  Time since last request: 0.000020 seconds.
  path: Assets/3DModeling/step&colums/f_diva_stgns105_hr_bmp_041.png
  artifactKey: Guid(dd6fad7fecdeb2a4e9d1ed94cd6a2327) Importer(815301076,1909f56bfc062723c751e8b465ee728b)
Start importing Assets/3DModeling/step&colums/f_diva_stgns105_hr_bmp_041.png using Guid(dd6fad7fecdeb2a4e9d1ed94cd6a2327) Importer(815301076,1909f56bfc062723c751e8b465ee728b)  -> (artifact id: 'add9e2993bc6201ce399cced0d3724c3') in 0.004806 seconds
Number of updated asset objects reloaded before import = 0
Number of asset objects unloaded after import = 2
========================================================================
Received Import Request.
  Time since last request: 0.000022 seconds.
  path: Assets/3DModeling/step&colums/f_diva_stgns105_hr_bmp_054.png
  artifactKey: Guid(655d796ad601b0b40b852d4841468631) Importer(815301076,1909f56bfc062723c751e8b465ee728b)
Start importing Assets/3DModeling/step&colums/f_diva_stgns105_hr_bmp_054.png using Guid(655d796ad601b0b40b852d4841468631) Importer(815301076,1909f56bfc062723c751e8b465ee728b)  -> (artifact id: '04783197d3459d0a8111a3adf6e5188d') in 0.005124 seconds
Number of updated asset objects reloaded before import = 0
Number of asset objects unloaded after import = 2
========================================================================
Received Import Request.
  Time since last request: 0.000070 seconds.
  path: Assets/3DModeling/step&colums/f_diva_stgns105_hr_bmp_034.png
  artifactKey: Guid(ab43fbcac1e686045be77dde93ae016e) Importer(815301076,1909f56bfc062723c751e8b465ee728b)
Start importing Assets/3DModeling/step&colums/f_diva_stgns105_hr_bmp_034.png using Guid(ab43fbcac1e686045be77dde93ae016e) Importer(815301076,1909f56bfc062723c751e8b465ee728b)  -> (artifact id: '5edc13108c32f360da951a6e4ae2b451') in 0.008003 seconds
Number of updated asset objects reloaded before import = 0
Number of asset objects unloaded after import = 2
========================================================================
Received Import Request.
  Time since last request: 0.000032 seconds.
  path: Assets/3DModeling/step&colums/f_diva_stgns105_hr_bmp_047.png
  artifactKey: Guid(bb5e187bd3861d04f84054596bfd5cf0) Importer(815301076,1909f56bfc062723c751e8b465ee728b)
Start importing Assets/3DModeling/step&colums/f_diva_stgns105_hr_bmp_047.png using Guid(bb5e187bd3861d04f84054596bfd5cf0) Importer(815301076,1909f56bfc062723c751e8b465ee728b)  -> (artifact id: 'c2a910343b1089c0b17886eb5eda749b') in 0.007619 seconds
Number of updated asset objects reloaded before import = 0
Number of asset objects unloaded after import = 2
========================================================================
Received Import Request.
  Time since last request: 0.000043 seconds.
  path: Assets/3DModeling/step&colums/f_diva_stgns105_hr_bmp_052.png
  artifactKey: Guid(858e988b844097c45a068911f105f6eb) Importer(815301076,1909f56bfc062723c751e8b465ee728b)
Start importing Assets/3DModeling/step&colums/f_diva_stgns105_hr_bmp_052.png using Guid(858e988b844097c45a068911f105f6eb) Importer(815301076,1909f56bfc062723c751e8b465ee728b)  -> (artifact id: 'abe8e686e2d320a5c8c1ff5f0afc6452') in 0.006633 seconds
Number of updated asset objects reloaded before import = 0
Number of asset objects unloaded after import = 2
========================================================================
Received Import Request.
  Time since last request: 0.000026 seconds.
  path: Assets/3DModeling/step&colums/f_diva_stgns105_hr_bmp_055.png
  artifactKey: Guid(0ba4c042bc94ac6489e9eab9bc85adb8) Importer(815301076,1909f56bfc062723c751e8b465ee728b)
Start importing Assets/3DModeling/step&colums/f_diva_stgns105_hr_bmp_055.png using Guid(0ba4c042bc94ac6489e9eab9bc85adb8) Importer(815301076,1909f56bfc062723c751e8b465ee728b)  -> (artifact id: '943eb7485950a0bb9c790a49c49cd797') in 0.007098 seconds
Number of updated asset objects reloaded before import = 0
Number of asset objects unloaded after import = 2
========================================================================
Received Import Request.
  Time since last request: 0.000027 seconds.
  path: Assets/3DModeling/step&colums/f_diva_stgns105_hr_bmp_016.png
  artifactKey: Guid(3e510fc0aeec89b4bbcca48f3c7b3578) Importer(815301076,1909f56bfc062723c751e8b465ee728b)
Start importing Assets/3DModeling/step&colums/f_diva_stgns105_hr_bmp_016.png using Guid(3e510fc0aeec89b4bbcca48f3c7b3578) Importer(815301076,1909f56bfc062723c751e8b465ee728b)  -> (artifact id: '5442c408314d432f09c7987bac20a3b7') in 0.007638 seconds
Number of updated asset objects reloaded before import = 0
Number of asset objects unloaded after import = 2
========================================================================
Received Import Request.
  Time since last request: 0.000021 seconds.
  path: Assets/3DModeling/step&colums/f_diva_stgns105.png
  artifactKey: Guid(5f80f3a759b927a42a0380be3b893cbe) Importer(815301076,1909f56bfc062723c751e8b465ee728b)
Start importing Assets/3DModeling/step&colums/f_diva_stgns105.png using Guid(5f80f3a759b927a42a0380be3b893cbe) Importer(815301076,1909f56bfc062723c751e8b465ee728b)  -> (artifact id: '803c4c77a427438f4971f15511f4f2cc') in 0.009007 seconds
Number of updated asset objects reloaded before import = 0
Number of asset objects unloaded after import = 2
========================================================================
Received Import Request.
  Time since last request: 0.000020 seconds.
  path: Assets/3DModeling/step&colums/f_diva_stgns105_hr_bmp_008.png
  artifactKey: Guid(ebd0ef3766cad2c42b053a44c38c3ec6) Importer(815301076,1909f56bfc062723c751e8b465ee728b)
Start importing Assets/3DModeling/step&colums/f_diva_stgns105_hr_bmp_008.png using Guid(ebd0ef3766cad2c42b053a44c38c3ec6) Importer(815301076,1909f56bfc062723c751e8b465ee728b)  -> (artifact id: 'b9b63fb25293fe1d4c3a89de38300a85') in 0.006879 seconds
Number of updated asset objects reloaded before import = 0
Number of asset objects unloaded after import = 2
========================================================================
Received Import Request.
  Time since last request: 0.000025 seconds.
  path: Assets/3DModeling/step&colums/c4.obj
  artifactKey: Guid(ce0f114b53777d842aca72336705852f) Importer(815301076,1909f56bfc062723c751e8b465ee728b)
Start importing Assets/3DModeling/step&colums/c4.obj using Guid(ce0f114b53777d842aca72336705852f) Importer(815301076,1909f56bfc062723c751e8b465ee728b)  -> (artifact id: '601614e3397af0eb099a2bb08bf9ec86') in 0.018223 seconds
Number of updated asset objects reloaded before import = 0
Number of asset objects unloaded after import = 11
========================================================================
Received Import Request.
  Time since last request: 0.000121 seconds.
  path: Assets/3DModeling/step&colums/f_diva_stgns105_hr_bmp_028.png
  artifactKey: Guid(b1dea8531078fd846aaf7654d06876a3) Importer(815301076,1909f56bfc062723c751e8b465ee728b)
Start importing Assets/3DModeling/step&colums/f_diva_stgns105_hr_bmp_028.png using Guid(b1dea8531078fd846aaf7654d06876a3) Importer(815301076,1909f56bfc062723c751e8b465ee728b)  -> (artifact id: '1e86bc48d2b485b8f81185e12b0ecd05') in 0.009781 seconds
Number of updated asset objects reloaded before import = 0
Number of asset objects unloaded after import = 2
========================================================================
Received Import Request.
  Time since last request: 0.000022 seconds.
  path: Assets/3DModeling/step&colums/f_diva_stgns105_hr_bmp_039.png
  artifactKey: Guid(8609ca6ff61fb784e9a522d14969dbf4) Importer(815301076,1909f56bfc062723c751e8b465ee728b)
Start importing Assets/3DModeling/step&colums/f_diva_stgns105_hr_bmp_039.png using Guid(8609ca6ff61fb784e9a522d14969dbf4) Importer(815301076,1909f56bfc062723c751e8b465ee728b)  -> (artifact id: '537489b07e8d55d8fcb8c5373104704f') in 0.006150 seconds
Number of updated asset objects reloaded before import = 0
Number of asset objects unloaded after import = 2
========================================================================
Received Import Request.
  Time since last request: 0.000016 seconds.
  path: Assets/3DModeling/step&colums/f_diva_stgns105_hr_bmp_022.png
  artifactKey: Guid(1ba0d81cb20f68949b8761429e0ee4fa) Importer(815301076,1909f56bfc062723c751e8b465ee728b)
Start importing Assets/3DModeling/step&colums/f_diva_stgns105_hr_bmp_022.png using Guid(1ba0d81cb20f68949b8761429e0ee4fa) Importer(815301076,1909f56bfc062723c751e8b465ee728b)  -> (artifact id: '2a7e27483caadb4bdd75b0518907a339') in 0.005300 seconds
Number of updated asset objects reloaded before import = 0
Number of asset objects unloaded after import = 2
========================================================================
Received Import Request.
  Time since last request: 1.716762 seconds.
  path: Assets/3DModeling/step&colums/f_diva_stgns105_hr_bmp_059.png
  artifactKey: Guid(fcdeec9fdf511b240be7f1e5c847d32e) Importer(815301076,1909f56bfc062723c751e8b465ee728b)
Start importing Assets/3DModeling/step&colums/f_diva_stgns105_hr_bmp_059.png using Guid(fcdeec9fdf511b240be7f1e5c847d32e) Importer(815301076,1909f56bfc062723c751e8b465ee728b)  -> (artifact id: '093ef9493b9e7e19de1d10303926dd72') in 0.005444 seconds
Number of updated asset objects reloaded before import = 0
Number of asset objects unloaded after import = 2
========================================================================
Received Import Request.
  Time since last request: 0.000020 seconds.
  path: Assets/3DModeling/step&colums/f_diva_stgns105_nk_all_kage.png
  artifactKey: Guid(73b00da54f227894784323a339db36a9) Importer(815301076,1909f56bfc062723c751e8b465ee728b)
Start importing Assets/3DModeling/step&colums/f_diva_stgns105_nk_all_kage.png using Guid(73b00da54f227894784323a339db36a9) Importer(815301076,1909f56bfc062723c751e8b465ee728b)  -> (artifact id: '011b2cbedb2dc47e29bcfb2e2a2eb4c9') in 0.006543 seconds
Number of updated asset objects reloaded before import = 0
Number of asset objects unloaded after import = 2
========================================================================
Received Import Request.
  Time since last request: 0.000013 seconds.
  path: Assets/3DModeling/step&colums/f_diva_stgns105_hr_bmp_070.png
  artifactKey: Guid(bc13ba6a9dca58849a58802ee3776158) Importer(815301076,1909f56bfc062723c751e8b465ee728b)
Start importing Assets/3DModeling/step&colums/f_diva_stgns105_hr_bmp_070.png using Guid(bc13ba6a9dca58849a58802ee3776158) Importer(815301076,1909f56bfc062723c751e8b465ee728b)  -> (artifact id: '7e34cc7f906f12224139aaf5ca8db88c') in 0.005396 seconds
Number of updated asset objects reloaded before import = 0
Number of asset objects unloaded after import = 2
========================================================================
Received Import Request.
  Time since last request: 0.000016 seconds.
  path: Assets/3DModeling/step&colums/f_diva_stgns105_hr_bmp_061.png
  artifactKey: Guid(32a108b68e0bb6349885f2de476e36c0) Importer(815301076,1909f56bfc062723c751e8b465ee728b)
Start importing Assets/3DModeling/step&colums/f_diva_stgns105_hr_bmp_061.png using Guid(32a108b68e0bb6349885f2de476e36c0) Importer(815301076,1909f56bfc062723c751e8b465ee728b)  -> (artifact id: 'ea8c7c99ab3578cca174781925fefbb3') in 0.006750 seconds
Number of updated asset objects reloaded before import = 0
Number of asset objects unloaded after import = 2
========================================================================
Received Import Request.
  Time since last request: 0.000019 seconds.
  path: Assets/3DModeling/step&colums/f_diva_stgns105_hr_bmp_065.png
  artifactKey: Guid(29c1dfa2f9db593429df2a6fb96cbebf) Importer(815301076,1909f56bfc062723c751e8b465ee728b)
Start importing Assets/3DModeling/step&colums/f_diva_stgns105_hr_bmp_065.png using Guid(29c1dfa2f9db593429df2a6fb96cbebf) Importer(815301076,1909f56bfc062723c751e8b465ee728b)  -> (artifact id: '03895980a7487b2941532568455e8841') in 0.004839 seconds
Number of updated asset objects reloaded before import = 0
Number of asset objects unloaded after import = 2
========================================================================
Received Import Request.
  Time since last request: 0.000017 seconds.
  path: Assets/3DModeling/step&colums/f_diva_stgns105_hr_bmp_072.png
  artifactKey: Guid(a396cf2256d867140a310f5e832683a9) Importer(815301076,1909f56bfc062723c751e8b465ee728b)
Start importing Assets/3DModeling/step&colums/f_diva_stgns105_hr_bmp_072.png using Guid(a396cf2256d867140a310f5e832683a9) Importer(815301076,1909f56bfc062723c751e8b465ee728b)  -> (artifact id: 'b62e3a38d6cc3ba115d5d46dfee9298d') in 0.005154 seconds
Number of updated asset objects reloaded before import = 0
Number of asset objects unloaded after import = 2
========================================================================
Received Import Request.
  Time since last request: 0.000050 seconds.
  path: Assets/3DModeling/step&colums/f_diva_stgns105_hr_bmp_063.png
  artifactKey: Guid(0b47a85eb24d89f408d27ac0aedde105) Importer(815301076,1909f56bfc062723c751e8b465ee728b)
Start importing Assets/3DModeling/step&colums/f_diva_stgns105_hr_bmp_063.png using Guid(0b47a85eb24d89f408d27ac0aedde105) Importer(815301076,1909f56bfc062723c751e8b465ee728b)  -> (artifact id: 'dfb4096430da2fc0c8d5aef4b8d895d5') in 0.005328 seconds
Number of updated asset objects reloaded before import = 0
Number of asset objects unloaded after import = 2
========================================================================
Received Import Request.
  Time since last request: 0.000018 seconds.
  path: Assets/3DModeling/step&colums/f_diva_stgns105_nk_cherry_huji.png
  artifactKey: Guid(4e5d6ba57439d274eaf7953472e1ddb9) Importer(815301076,1909f56bfc062723c751e8b465ee728b)
Start importing Assets/3DModeling/step&colums/f_diva_stgns105_nk_cherry_huji.png using Guid(4e5d6ba57439d274eaf7953472e1ddb9) Importer(815301076,1909f56bfc062723c751e8b465ee728b)  -> (artifact id: 'eb5cda4f57360f324026570a31548bff') in 0.007145 seconds
Number of updated asset objects reloaded before import = 0
Number of asset objects unloaded after import = 2
========================================================================
Received Import Request.
  Time since last request: 0.000030 seconds.
  path: Assets/3DModeling/step&colums/f_diva_stgns105_nk_cherry.png
  artifactKey: Guid(1d735c6c73079fa478bd56c23c3aaa5d) Importer(815301076,1909f56bfc062723c751e8b465ee728b)
Start importing Assets/3DModeling/step&colums/f_diva_stgns105_nk_cherry.png using Guid(1d735c6c73079fa478bd56c23c3aaa5d) Importer(815301076,1909f56bfc062723c751e8b465ee728b)  -> (artifact id: 'f3846ba56de9c55cdd5a4ba5b5d8aa83') in 0.007485 seconds
Number of updated asset objects reloaded before import = 0
Number of asset objects unloaded after import = 2
========================================================================
Received Import Request.
  Time since last request: 0.000018 seconds.
  path: Assets/3DModeling/step&colums/f_diva_stgns105_nk_flowerallref.png
  artifactKey: Guid(11c5f5fe20f72634ebcaed74c8d1f300) Importer(815301076,1909f56bfc062723c751e8b465ee728b)
Start importing Assets/3DModeling/step&colums/f_diva_stgns105_nk_flowerallref.png using Guid(11c5f5fe20f72634ebcaed74c8d1f300) Importer(815301076,1909f56bfc062723c751e8b465ee728b)  -> (artifact id: '4304f6d4695af0c02baef3b877824274') in 0.006843 seconds
Number of updated asset objects reloaded before import = 0
Number of asset objects unloaded after import = 2
========================================================================
Received Import Request.
  Time since last request: 0.000018 seconds.
  path: Assets/3DModeling/step&colums/f_diva_stgns105_nk_gaiheki_kage.png
  artifactKey: Guid(628bb9a7be0f5ee49a2f3f3bb8c53c17) Importer(815301076,1909f56bfc062723c751e8b465ee728b)
Start importing Assets/3DModeling/step&colums/f_diva_stgns105_nk_gaiheki_kage.png using Guid(628bb9a7be0f5ee49a2f3f3bb8c53c17) Importer(815301076,1909f56bfc062723c751e8b465ee728b)  -> (artifact id: '7e15db0b6284f8eaeb2e48d1a119e333') in 0.007430 seconds
Number of updated asset objects reloaded before import = 0
Number of asset objects unloaded after import = 2
========================================================================
Received Import Request.
  Time since last request: 0.000020 seconds.
  path: Assets/3DModeling/step&colums/f_diva_stgns105_nk_karten_s4sm.png
  artifactKey: Guid(90a0a98588254834d99b16d846b1ec11) Importer(815301076,1909f56bfc062723c751e8b465ee728b)
Start importing Assets/3DModeling/step&colums/f_diva_stgns105_nk_karten_s4sm.png using Guid(90a0a98588254834d99b16d846b1ec11) Importer(815301076,1909f56bfc062723c751e8b465ee728b)  -> (artifact id: 'a8b26c326dbdac435e002a4cd4be4f52') in 0.005976 seconds
Number of updated asset objects reloaded before import = 0
Number of asset objects unloaded after import = 2
========================================================================
Received Import Request.
  Time since last request: 0.000017 seconds.
  path: Assets/3DModeling/step&colums/f_diva_stgns105_nk_lensflare_0.png
  artifactKey: Guid(373b1b0e5c53d704fa38046f6803c1ea) Importer(815301076,1909f56bfc062723c751e8b465ee728b)
Start importing Assets/3DModeling/step&colums/f_diva_stgns105_nk_lensflare_0.png using Guid(373b1b0e5c53d704fa38046f6803c1ea) Importer(815301076,1909f56bfc062723c751e8b465ee728b)  -> (artifact id: 'c60a0ebd168b91e2f7e6e837a376822b') in 0.005701 seconds
Number of updated asset objects reloaded before import = 0
Number of asset objects unloaded after import = 2
========================================================================
Received Import Request.
  Time since last request: 0.000030 seconds.
  path: Assets/3DModeling/step&colums/f_diva_stgns105_nk_cup_s.png
  artifactKey: Guid(67f2037499001bc4488047a86ae84f0f) Importer(815301076,1909f56bfc062723c751e8b465ee728b)
Start importing Assets/3DModeling/step&colums/f_diva_stgns105_nk_cup_s.png using Guid(67f2037499001bc4488047a86ae84f0f) Importer(815301076,1909f56bfc062723c751e8b465ee728b)  -> (artifact id: '0631ad2a2919f671d337a858bbd448a4') in 0.006560 seconds
Number of updated asset objects reloaded before import = 0
Number of asset objects unloaded after import = 2
========================================================================
Received Import Request.
  Time since last request: 0.000013 seconds.
  path: Assets/3DModeling/step&colums/f_diva_stgns105_nk_stage_01.png
  artifactKey: Guid(e66aedc49070fe94e9ecdff1e8011a27) Importer(815301076,1909f56bfc062723c751e8b465ee728b)
Start importing Assets/3DModeling/step&colums/f_diva_stgns105_nk_stage_01.png using Guid(e66aedc49070fe94e9ecdff1e8011a27) Importer(815301076,1909f56bfc062723c751e8b465ee728b)  -> (artifact id: '8751219d521a0adcf714706fad8391a7') in 0.007686 seconds
Number of updated asset objects reloaded before import = 0
Number of asset objects unloaded after import = 2
========================================================================
Received Import Request.
  Time since last request: 0.000017 seconds.
  path: Assets/3DModeling/step&colums/f_diva_stgns105_nk_kabe_kage.png
  artifactKey: Guid(50ceb179eb34bc641a4b6cebf9a8e04a) Importer(815301076,1909f56bfc062723c751e8b465ee728b)
Start importing Assets/3DModeling/step&colums/f_diva_stgns105_nk_kabe_kage.png using Guid(50ceb179eb34bc641a4b6cebf9a8e04a) Importer(815301076,1909f56bfc062723c751e8b465ee728b)  -> (artifact id: '42072755a676c02a3448e98b1097d388') in 0.006314 seconds
Number of updated asset objects reloaded before import = 0
Number of asset objects unloaded after import = 2
========================================================================
Received Import Request.
  Time since last request: 0.000029 seconds.
  path: Assets/3DModeling/step&colums/f_diva_stgns105_nk_mawari.png
  artifactKey: Guid(a24f6ef89b6b0f4479c4d00da50016f4) Importer(815301076,1909f56bfc062723c751e8b465ee728b)
Start importing Assets/3DModeling/step&colums/f_diva_stgns105_nk_mawari.png using Guid(a24f6ef89b6b0f4479c4d00da50016f4) Importer(815301076,1909f56bfc062723c751e8b465ee728b)  -> (artifact id: 'f86f5ba63caf5e43db5c4722b2fa3dcf') in 0.008137 seconds
Number of updated asset objects reloaded before import = 0
Number of asset objects unloaded after import = 2
========================================================================
Received Import Request.
  Time since last request: 0.000022 seconds.
  path: Assets/3DModeling/step&colums/f_diva_stgns105_nk_katen2s.png
  artifactKey: Guid(7743fecd785198547a35955173fd462f) Importer(815301076,1909f56bfc062723c751e8b465ee728b)
Start importing Assets/3DModeling/step&colums/f_diva_stgns105_nk_katen2s.png using Guid(7743fecd785198547a35955173fd462f) Importer(815301076,1909f56bfc062723c751e8b465ee728b)  -> (artifact id: 'e259d831a697e91e681402f1bf8174d7') in 0.007409 seconds
Number of updated asset objects reloaded before import = 0
Number of asset objects unloaded after import = 2
========================================================================
Received Import Request.
  Time since last request: 0.000022 seconds.
  path: Assets/3DModeling/step&colums/f_diva_stgns105_nk_hibi.png
  artifactKey: Guid(53c3285440a67894c89b1c8fdcf3bbe5) Importer(815301076,1909f56bfc062723c751e8b465ee728b)
Start importing Assets/3DModeling/step&colums/f_diva_stgns105_nk_hibi.png using Guid(53c3285440a67894c89b1c8fdcf3bbe5) Importer(815301076,1909f56bfc062723c751e8b465ee728b)  -> (artifact id: 'd97e017c97e604762480ccd14bb488d5') in 0.006823 seconds
Number of updated asset objects reloaded before import = 0
Number of asset objects unloaded after import = 2
========================================================================
Received Import Request.
  Time since last request: 0.000079 seconds.
  path: Assets/3DModeling/step&colums/f_diva_stgns105_nk_bush_all.png
  artifactKey: Guid(d3fb12c6a84e6de4a88d5db8d671dffb) Importer(815301076,1909f56bfc062723c751e8b465ee728b)
Start importing Assets/3DModeling/step&colums/f_diva_stgns105_nk_bush_all.png using Guid(d3fb12c6a84e6de4a88d5db8d671dffb) Importer(815301076,1909f56bfc062723c751e8b465ee728b)  -> (artifact id: '88a885bfa8da19ac83ed2413b03afd75') in 0.006611 seconds
Number of updated asset objects reloaded before import = 0
Number of asset objects unloaded after import = 2
========================================================================
Received Import Request.
  Time since last request: 0.000017 seconds.
  path: Assets/3DModeling/step&colums/f_diva_stgns105_hr_bmp_073.png
  artifactKey: Guid(d9b67f44e8f212b41a3f21bf5a87de8f) Importer(815301076,1909f56bfc062723c751e8b465ee728b)
Start importing Assets/3DModeling/step&colums/f_diva_stgns105_hr_bmp_073.png using Guid(d9b67f44e8f212b41a3f21bf5a87de8f) Importer(815301076,1909f56bfc062723c751e8b465ee728b)  -> (artifact id: 'e5896a3587ee15f04fc45665c48d22b4') in 0.005339 seconds
Number of updated asset objects reloaded before import = 0
Number of asset objects unloaded after import = 2
========================================================================
Received Import Request.
  Time since last request: 0.000024 seconds.
  path: Assets/3DModeling/step&colums/f_diva_stgns105_nk_cup_01.png
  artifactKey: Guid(a128d8ca46ef40c4eb5dc972ba73196f) Importer(815301076,1909f56bfc062723c751e8b465ee728b)
Start importing Assets/3DModeling/step&colums/f_diva_stgns105_nk_cup_01.png using Guid(a128d8ca46ef40c4eb5dc972ba73196f) Importer(815301076,1909f56bfc062723c751e8b465ee728b)  -> (artifact id: 'fb0c43f57512356bf038eb65278e9a2d') in 0.006004 seconds
Number of updated asset objects reloaded before import = 0
Number of asset objects unloaded after import = 2
========================================================================
Received Import Request.
  Time since last request: 0.000016 seconds.
  path: Assets/3DModeling/step&colums/f_diva_stgns105_hr_bmp_060.png
  artifactKey: Guid(1d2c7ec47eff3d345be12bd3450cd6b3) Importer(815301076,1909f56bfc062723c751e8b465ee728b)
Start importing Assets/3DModeling/step&colums/f_diva_stgns105_hr_bmp_060.png using Guid(1d2c7ec47eff3d345be12bd3450cd6b3) Importer(815301076,1909f56bfc062723c751e8b465ee728b)  -> (artifact id: '245f616abf7bb09f2db4ba7b1cfdf7c9') in 0.005753 seconds
Number of updated asset objects reloaded before import = 0
Number of asset objects unloaded after import = 2
========================================================================
Received Import Request.
  Time since last request: 0.000021 seconds.
  path: Assets/3DModeling/step&colums/f_diva_stgns105_nk_katenkage2.png
  artifactKey: Guid(d0ff18d5c065bca4ea3846c359ae8be7) Importer(815301076,1909f56bfc062723c751e8b465ee728b)
Start importing Assets/3DModeling/step&colums/f_diva_stgns105_nk_katenkage2.png using Guid(d0ff18d5c065bca4ea3846c359ae8be7) Importer(815301076,1909f56bfc062723c751e8b465ee728b)  -> (artifact id: '700d9c65f20be3dbfe635bed3e40995a') in 0.005162 seconds
Number of updated asset objects reloaded before import = 0
Number of asset objects unloaded after import = 2
========================================================================
Received Import Request.
  Time since last request: 0.000015 seconds.
  path: Assets/3DModeling/step&colums/f_diva_stgns105_nk_etc_kage.png
  artifactKey: Guid(23e71837902f52749a3d5058c3f750a9) Importer(815301076,1909f56bfc062723c751e8b465ee728b)
Start importing Assets/3DModeling/step&colums/f_diva_stgns105_nk_etc_kage.png using Guid(23e71837902f52749a3d5058c3f750a9) Importer(815301076,1909f56bfc062723c751e8b465ee728b)  -> (artifact id: '319611e4934211ec6e18f15efc0cda87') in 0.007164 seconds
Number of updated asset objects reloaded before import = 0
Number of asset objects unloaded after import = 2
========================================================================
Received Import Request.
  Time since last request: 0.000028 seconds.
  path: Assets/3DModeling/step&colums/f_diva_stgns105_hr_bmp_062.png
  artifactKey: Guid(79c8b794311202d49a720e444406cb46) Importer(815301076,1909f56bfc062723c751e8b465ee728b)
Start importing Assets/3DModeling/step&colums/f_diva_stgns105_hr_bmp_062.png using Guid(79c8b794311202d49a720e444406cb46) Importer(815301076,1909f56bfc062723c751e8b465ee728b)  -> (artifact id: '358d6a6f7afe4cc9bc222186ab1cadcc') in 0.005201 seconds
Number of updated asset objects reloaded before import = 0
Number of asset objects unloaded after import = 2
========================================================================
Received Import Request.
  Time since last request: 0.000025 seconds.
  path: Assets/3DModeling/step&colums/f_diva_stgns105_nk_light_00.png
  artifactKey: Guid(49c83369e7b713147954597e4b15539c) Importer(815301076,1909f56bfc062723c751e8b465ee728b)
Start importing Assets/3DModeling/step&colums/f_diva_stgns105_nk_light_00.png using Guid(49c83369e7b713147954597e4b15539c) Importer(815301076,1909f56bfc062723c751e8b465ee728b)  -> (artifact id: '905fa4b75c22a7994fe27d92a8b42438') in 0.004932 seconds
Number of updated asset objects reloaded before import = 0
Number of asset objects unloaded after import = 2
========================================================================
Received Import Request.
  Time since last request: 0.228838 seconds.
  path: Assets/3DModeling/step&colums/f_diva_stgns105_nk_window_kage.png
  artifactKey: Guid(b42e7ab653a922041816b2dd1168e473) Importer(815301076,1909f56bfc062723c751e8b465ee728b)
Start importing Assets/3DModeling/step&colums/f_diva_stgns105_nk_window_kage.png using Guid(b42e7ab653a922041816b2dd1168e473) Importer(815301076,1909f56bfc062723c751e8b465ee728b)  -> (artifact id: '4b827058aa9f791181eface96abf62c1') in 0.007153 seconds
Number of updated asset objects reloaded before import = 0
Number of asset objects unloaded after import = 2
========================================================================
Received Import Request.
  Time since last request: 0.000016 seconds.
  path: Assets/3DModeling/step&colums/f_diva_stgns105_nk_yuka_s.png
  artifactKey: Guid(6f9f4887b99dae540a4ea2c7691d0766) Importer(815301076,1909f56bfc062723c751e8b465ee728b)
Start importing Assets/3DModeling/step&colums/f_diva_stgns105_nk_yuka_s.png using Guid(6f9f4887b99dae540a4ea2c7691d0766) Importer(815301076,1909f56bfc062723c751e8b465ee728b)  -> (artifact id: 'dd175389be2a848cad3155148356b9f6') in 0.007627 seconds
Number of updated asset objects reloaded before import = 0
Number of asset objects unloaded after import = 2
========================================================================
Received Import Request.
  Time since last request: 0.000015 seconds.
  path: Assets/3DModeling/step&colums/steps_colums.fbx
  artifactKey: Guid(9fc881bdb5cb80347b4e76fdb3fa0cb9) Importer(815301076,1909f56bfc062723c751e8b465ee728b)
Start importing Assets/3DModeling/step&colums/steps_colums.fbx using Guid(9fc881bdb5cb80347b4e76fdb3fa0cb9) Importer(815301076,1909f56bfc062723c751e8b465ee728b)  -> (artifact id: '4363810d4278e53f2c3d0940b10c7389') in 0.065367 seconds
Number of updated asset objects reloaded before import = 0
Number of asset objects unloaded after import = 43
========================================================================
Received Import Request.
  Time since last request: 0.000012 seconds.
  path: Assets/3DModeling/step&colums/f_diva_stgns105_nk_wood_01.png
  artifactKey: Guid(9fe7a92a4aae8924e906a23d223cc507) Importer(815301076,1909f56bfc062723c751e8b465ee728b)
Start importing Assets/3DModeling/step&colums/f_diva_stgns105_nk_wood_01.png using Guid(9fe7a92a4aae8924e906a23d223cc507) Importer(815301076,1909f56bfc062723c751e8b465ee728b)  -> (artifact id: '527f5afd8e03672fba82b0d349526985') in 0.005070 seconds
Number of updated asset objects reloaded before import = 0
Number of asset objects unloaded after import = 2
========================================================================
Received Import Request.
  Time since last request: 0.000032 seconds.
  path: Assets/3DModeling/step&colums/f_diva_stgns105_nk_yuka_n.png
  artifactKey: Guid(fbfa296692b4c1a44a69cd5588015bbe) Importer(815301076,1909f56bfc062723c751e8b465ee728b)
Start importing Assets/3DModeling/step&colums/f_diva_stgns105_nk_yuka_n.png using Guid(fbfa296692b4c1a44a69cd5588015bbe) Importer(815301076,1909f56bfc062723c751e8b465ee728b)  -> (artifact id: '903f34d2ee11671aadcb1a976168f52c') in 0.004898 seconds
Number of updated asset objects reloaded before import = 0
Number of asset objects unloaded after import = 2
========================================================================
Received Import Request.
  Time since last request: 0.000014 seconds.
  path: Assets/3DModeling/step&colums/steps_colums.obj
  artifactKey: Guid(49a419c0bbfbc504eb62d3dd6204ab66) Importer(815301076,1909f56bfc062723c751e8b465ee728b)
Start importing Assets/3DModeling/step&colums/steps_colums.obj using Guid(49a419c0bbfbc504eb62d3dd6204ab66) Importer(815301076,1909f56bfc062723c751e8b465ee728b)  -> (artifact id: '44d0795f5d10a26bf08f2b71a4cdb5e0') in 0.047588 seconds
Number of updated asset objects reloaded before import = 0
Number of asset objects unloaded after import = 36
========================================================================
Received Import Request.
  Time since last request: 0.000017 seconds.
  path: Assets/3DModeling/step&colums/stepA.fbx
  artifactKey: Guid(6e8ce2be168a1e0439b17e73c48f6997) Importer(815301076,1909f56bfc062723c751e8b465ee728b)
Start importing Assets/3DModeling/step&colums/stepA.fbx using Guid(6e8ce2be168a1e0439b17e73c48f6997) Importer(815301076,1909f56bfc062723c751e8b465ee728b)  -> (artifact id: '0883caddb5a26dfe2b8ab4e5d7a10c1e') in 0.019926 seconds
Number of updated asset objects reloaded before import = 0
Number of asset objects unloaded after import = 13
