Using pre-set license
Built from '2022.3/staging' branch; Version is '2022.3.17f1 (4fc78088f837) revision 5228416'; Using compiler version '192829333'; Build Type 'Release'
OS: 'Windows 11  (10.0.22631) 64bit CoreCountrySpecific' Language: 'zh' Physical Memory: 16108 MB
BatchMode: 1, IsHumanControllingUs: 0, StartBugReporterOnCrash: 0, Is64bit: 1, IsPro: 1

COMMAND LINE ARGUMENTS:
E:\2022.3.17f1\Editor\Unity.exe
-adb2
-batchMode
-noUpm
-name
AssetImportWorker0
-projectPath
E:/FMG-Project2/GreekAsset/My project (2)
-logFile
Logs/AssetImportWorker0.log
-srvPort
64826
Successfully changed project path to: E:/FMG-Project2/GreekAsset/My project (2)
E:/FMG-Project2/GreekAsset/My project (2)
[UnityMemory] Configuration Parameters - Can be set up in boot.config
    "memorysetup-bucket-allocator-granularity=16"
    "memorysetup-bucket-allocator-bucket-count=8"
    "memorysetup-bucket-allocator-block-size=33554432"
    "memorysetup-bucket-allocator-block-count=8"
    "memorysetup-main-allocator-block-size=16777216"
    "memorysetup-thread-allocator-block-size=16777216"
    "memorysetup-gfx-main-allocator-block-size=16777216"
    "memorysetup-gfx-thread-allocator-block-size=16777216"
    "memorysetup-cache-allocator-block-size=4194304"
    "memorysetup-typetree-allocator-block-size=2097152"
    "memorysetup-profiler-bucket-allocator-granularity=16"
    "memorysetup-profiler-bucket-allocator-bucket-count=8"
    "memorysetup-profiler-bucket-allocator-block-size=33554432"
    "memorysetup-profiler-bucket-allocator-block-count=8"
    "memorysetup-profiler-allocator-block-size=16777216"
    "memorysetup-profiler-editor-allocator-block-size=1048576"
    "memorysetup-temp-allocator-size-main=16777216"
    "memorysetup-job-temp-allocator-block-size=2097152"
    "memorysetup-job-temp-allocator-block-size-background=1048576"
    "memorysetup-job-temp-allocator-reduction-small-platforms=262144"
    "memorysetup-allocator-temp-initial-block-size-main=262144"
    "memorysetup-allocator-temp-initial-block-size-worker=262144"
    "memorysetup-temp-allocator-size-background-worker=32768"
    "memorysetup-temp-allocator-size-job-worker=262144"
    "memorysetup-temp-allocator-size-preload-manager=33554432"
    "memorysetup-temp-allocator-size-nav-mesh-worker=65536"
    "memorysetup-temp-allocator-size-audio-worker=65536"
    "memorysetup-temp-allocator-size-cloud-worker=32768"
    "memorysetup-temp-allocator-size-gi-baking-worker=262144"
    "memorysetup-temp-allocator-size-gfx=262144"
Player connection [39368] Host "[IP] 10.0.0.160 [Port] 0 [Flags] 2 [Guid] 1853933905 [EditorId] 1853933905 [Version] 1048832 [Id] WindowsEditor(7,EUthana) [Debug] 1 [PackageName] WindowsEditor [ProjectName] Editor" joined multi-casting on [225.0.0.222:54997]...

Player connection [39368] Host "[IP] 10.0.0.160 [Port] 0 [Flags] 2 [Guid] 1853933905 [EditorId] 1853933905 [Version] 1048832 [Id] WindowsEditor(7,EUthana) [Debug] 1 [PackageName] WindowsEditor [ProjectName] Editor" joined alternative multi-casting on [225.0.0.222:34997]...

[Physics::Module] Initialized MultithreadedJobDispatcher with 19 workers.
Refreshing native plugins compatible for Editor in 4.82 ms, found 3 plugins.
Preloading 0 native plugins for Editor in 0.00 ms.
Initialize engine version: 2022.3.17f1 (4fc78088f837)
[Subsystems] Discovering subsystems at path E:/2022.3.17f1/Editor/Data/Resources/UnitySubsystems
[Subsystems] Discovering subsystems at path E:/FMG-Project2/GreekAsset/My project (2)/Assets
GfxDevice: creating device client; threaded=0; jobified=0
Direct3D:
    Version:  Direct3D 11.0 [level 11.1]
    Renderer: NVIDIA GeForce RTX 3060 Laptop GPU (ID=0x2560)
    Vendor:   NVIDIA
    VRAM:     5996 MB
    Driver:   31.0.15.5222
Initialize mono
Mono path[0] = 'E:/2022.3.17f1/Editor/Data/Managed'
Mono path[1] = 'E:/2022.3.17f1/Editor/Data/MonoBleedingEdge/lib/mono/unityjit-win32'
Mono config path = 'E:/2022.3.17f1/Editor/Data/MonoBleedingEdge/etc'
Using monoOptions --debugger-agent=transport=dt_socket,embedding=1,server=y,suspend=n,address=127.0.0.1:56980
Begin MonoManager ReloadAssembly
Registering precompiled unity dll's ...
Register platform support module: E:/2022.3.17f1/Editor/Data/PlaybackEngines/WindowsStandaloneSupport/UnityEditor.WindowsStandalone.Extensions.dll
Registered in 0.002437 seconds.
- Loaded All Assemblies, in  0.256 seconds
Native extension for WindowsStandalone target not found
Mono: successfully reloaded assembly
- Finished resetting the current domain, in  0.195 seconds
Domain Reload Profiling: 451ms
	BeginReloadAssembly (93ms)
		ExecutionOrderSort (0ms)
		DisableScriptedObjects (0ms)
		BackupInstance (0ms)
		ReleaseScriptingObjects (0ms)
		CreateAndSetChildDomain (1ms)
	RebuildCommonClasses (23ms)
	RebuildNativeTypeToScriptingClass (7ms)
	initialDomainReloadingComplete (35ms)
	LoadAllAssembliesAndSetupDomain (97ms)
		LoadAssemblies (93ms)
		RebuildTransferFunctionScriptingTraits (0ms)
		AnalyzeDomain (95ms)
			TypeCache.Refresh (94ms)
				TypeCache.ScanAssembly (84ms)
			ScanForSourceGeneratedMonoScriptInfo (0ms)
			ResolveRequiredComponents (0ms)
	FinalizeReload (195ms)
		ReleaseScriptCaches (0ms)
		RebuildScriptCaches (0ms)
		SetupLoadedEditorAssemblies (154ms)
			LogAssemblyErrors (0ms)
			InitializePlatformSupportModulesInManaged (6ms)
			SetLoadedEditorAssemblies (6ms)
			RefreshPlugins (0ms)
			BeforeProcessingInitializeOnLoad (2ms)
			ProcessInitializeOnLoadAttributes (102ms)
			ProcessInitializeOnLoadMethodAttributes (39ms)
			AfterProcessingInitializeOnLoad (0ms)
			EditorAssembliesLoaded (0ms)
		ExecutionOrderSort2 (0ms)
		AwakeInstancesAfterBackupRestoration (0ms)
========================================================================
Worker process is ready to serve import requests
Begin MonoManager ReloadAssembly
- Loaded All Assemblies, in  0.513 seconds
Refreshing native plugins compatible for Editor in 1.93 ms, found 3 plugins.
Native extension for WindowsStandalone target not found
Package Manager log level set to [2]
[Package Manager] Server::EnsureServerProcessIsRunning -- launch failed, reason: Unity was launched with the -noUpm command-line argument
[Package Manager] UpmClient::Send -- Unable to send message (not connected to UPM process).
[Package Manager] Cannot connect to Unity Package Manager local server
Mono: successfully reloaded assembly
- Finished resetting the current domain, in  0.423 seconds
Domain Reload Profiling: 936ms
	BeginReloadAssembly (131ms)
		ExecutionOrderSort (0ms)
		DisableScriptedObjects (4ms)
		BackupInstance (0ms)
		ReleaseScriptingObjects (0ms)
		CreateAndSetChildDomain (15ms)
	RebuildCommonClasses (25ms)
	RebuildNativeTypeToScriptingClass (7ms)
	initialDomainReloadingComplete (26ms)
	LoadAllAssembliesAndSetupDomain (325ms)
		LoadAssemblies (291ms)
		RebuildTransferFunctionScriptingTraits (0ms)
		AnalyzeDomain (120ms)
			TypeCache.Refresh (105ms)
				TypeCache.ScanAssembly (94ms)
			ScanForSourceGeneratedMonoScriptInfo (11ms)
			ResolveRequiredComponents (2ms)
	FinalizeReload (423ms)
		ReleaseScriptCaches (0ms)
		RebuildScriptCaches (0ms)
		SetupLoadedEditorAssemblies (322ms)
			LogAssemblyErrors (0ms)
			InitializePlatformSupportModulesInManaged (3ms)
			SetLoadedEditorAssemblies (4ms)
			RefreshPlugins (0ms)
			BeforeProcessingInitializeOnLoad (38ms)
			ProcessInitializeOnLoadAttributes (261ms)
			ProcessInitializeOnLoadMethodAttributes (15ms)
			AfterProcessingInitializeOnLoad (1ms)
			EditorAssembliesLoaded (0ms)
		ExecutionOrderSort2 (0ms)
		AwakeInstancesAfterBackupRestoration (7ms)
Launched and connected shader compiler UnityShaderCompiler.exe after 0.05 seconds
Refreshing native plugins compatible for Editor in 2.16 ms, found 3 plugins.
Preloading 0 native plugins for Editor in 0.00 ms.
Unloading 3092 Unused Serialized files (Serialized files now loaded: 0)
Unloading 32 unused Assets / (56.9 KB). Loaded Objects now: 3553.
Memory consumption went from 123.0 MB to 123.0 MB.
Total: 2.410800 ms (FindLiveObjects: 0.158000 ms CreateObjectMapping: 0.066800 ms MarkObjects: 2.091000 ms  DeleteObjects: 0.093700 ms)

AssetImportParameters requested are different than current active one (requested -> active):
  custom:container-demuxer-ogg: 62fdf1f143b41e24485cea50d1cbac27 -> 
  custom:video-codec-MediaFoundation-h265: 746d11721c4dcdbdad8f713fa42b33f4 -> 
  custom:video-decoder-ogg-theora: a1e56fd34408186e4bbccfd4996cb3dc -> 
  custom:framework-win-MediaFoundation: 216162199b28c13a410421893ffa2e32 -> 
  custom:CustomObjectIndexerAttribute: 6d391050e5a25f67b0a2c618074f2cd9 -> 
  custom:container-demuxer-webm: 4f35f7cbe854078d1ac9338744f61a02 -> 
  custom:container-muxer-webm: aa71ff27fc2769a1b78a27578f13a17b -> 
  custom:video-decoder-webm-vp8: 9c59270c3fd7afecdb556c50c9e8de78 -> 
  custom:SearchIndexIgnoredProperties: e643bd26f0fe6173181afceb89e7c659 -> 
  custom:AudioImporter_EditorPlatform: d09bf68614088b80899f8185d706f6e7 -> 
  custom:video-encoder-webm-vp8: eb34c28f22e8b96e1ab97ce403110664 -> 
  custom:audio-decoder-ogg-vorbis: bf7c407c2cedff20999df2af8eb42d56 -> 
  custom:audio-encoder-webm-vorbis: bf7c407c2cedff20999df2af8eb42d56 -> 
========================================================================
Received Import Request.
  Time since last request: 338958.280332 seconds.
  path: Assets
  artifactKey: Guid(00000000000000001000000000000000) Importer(815301076,1909f56bfc062723c751e8b465ee728b)
Start importing Assets using Guid(00000000000000001000000000000000) Importer(815301076,1909f56bfc062723c751e8b465ee728b)  -> (artifact id: '8a4fe85251aa2e89732c359432baa2c3') in 0.001934 seconds
Number of updated asset objects reloaded before import = 0
Number of asset objects unloaded after import = 0
========================================================================
Received Import Request.
  Time since last request: 13.357986 seconds.
  path: Assets/3DModeling
  artifactKey: Guid(f5c3b2c8bb3c0f645a35700378a063f6) Importer(815301076,1909f56bfc062723c751e8b465ee728b)
Start importing Assets/3DModeling using Guid(f5c3b2c8bb3c0f645a35700378a063f6) Importer(815301076,1909f56bfc062723c751e8b465ee728b)  -> (artifact id: '42e75e58a5c2c6766e47988b8376c478') in 0.000919 seconds
Number of updated asset objects reloaded before import = 0
Number of asset objects unloaded after import = 0
========================================================================
Received Import Request.
  Time since last request: 13.937407 seconds.
  path: Assets/3DModeling/greek
  artifactKey: Guid(e5c558af6b18b104e80d4d913b0dc69d) Importer(815301076,1909f56bfc062723c751e8b465ee728b)
Start importing Assets/3DModeling/greek using Guid(e5c558af6b18b104e80d4d913b0dc69d) Importer(815301076,1909f56bfc062723c751e8b465ee728b)  -> (artifact id: '925f87706aaa0de3629707039e4b86ed') in 0.000429 seconds
Number of updated asset objects reloaded before import = 0
Number of asset objects unloaded after import = 0
========================================================================
Received Import Request.
  Time since last request: 0.110645 seconds.
  path: Assets/3DModeling/greek/12apr_obj.png
  artifactKey: Guid(ea7d3a0c5d1d93c46bf01444a58fdd2b) Importer(815301076,1909f56bfc062723c751e8b465ee728b)
Start importing Assets/3DModeling/greek/12apr_obj.png using Guid(ea7d3a0c5d1d93c46bf01444a58fdd2b) Importer(815301076,1909f56bfc062723c751e8b465ee728b)  -> (artifact id: '79f26db0b711a9da428ed319a77a0513') in 0.053062 seconds
Number of updated asset objects reloaded before import = 0
Number of asset objects unloaded after import = 2
========================================================================
Received Import Request.
  Time since last request: 0.000014 seconds.
  path: Assets/3DModeling/greek/skydome015.bmp
  artifactKey: Guid(3e928c48116c24046bc0f4a8e2428440) Importer(815301076,1909f56bfc062723c751e8b465ee728b)
Start importing Assets/3DModeling/greek/skydome015.bmp using Guid(3e928c48116c24046bc0f4a8e2428440) Importer(815301076,1909f56bfc062723c751e8b465ee728b)  -> (artifact id: '26191a81c19d1ae78e4efd7207c933b6') in 0.008577 seconds
Number of updated asset objects reloaded before import = 0
Number of asset objects unloaded after import = 2
========================================================================
Received Import Request.
  Time since last request: 0.000022 seconds.
  path: Assets/3DModeling/greek/blrSC_001_Summerhouse_NM.dds
  artifactKey: Guid(74b102b133b41294d91617e91a704a02) Importer(815301076,1909f56bfc062723c751e8b465ee728b)
Start importing Assets/3DModeling/greek/blrSC_001_Summerhouse_NM.dds using Guid(74b102b133b41294d91617e91a704a02) Importer(815301076,1909f56bfc062723c751e8b465ee728b)  -> (artifact id: '8244995176ccf6a159f4b0f08fc8f334') in 0.006890 seconds
Number of updated asset objects reloaded before import = 0
Number of asset objects unloaded after import = 2
========================================================================
Received Import Request.
  Time since last request: 0.000035 seconds.
  path: Assets/3DModeling/greek/coloum1.fbx
  artifactKey: Guid(57fd57713e422c04c980c8f5ec630f39) Importer(815301076,1909f56bfc062723c751e8b465ee728b)
Start importing Assets/3DModeling/greek/coloum1.fbx using Guid(57fd57713e422c04c980c8f5ec630f39) Importer(815301076,1909f56bfc062723c751e8b465ee728b)  -> (artifact id: '037bed085d7e1544c257050356db1c4a') in 0.251455 seconds
Number of updated asset objects reloaded before import = 0
Number of asset objects unloaded after import = 14
========================================================================
Received Import Request.
  Time since last request: 0.000030 seconds.
  path: Assets/3DModeling/greek/colum_Full.fbx
  artifactKey: Guid(922d09d36e7f22c4eb7b7263f95ab881) Importer(815301076,1909f56bfc062723c751e8b465ee728b)
Start importing Assets/3DModeling/greek/colum_Full.fbx using Guid(922d09d36e7f22c4eb7b7263f95ab881) Importer(815301076,1909f56bfc062723c751e8b465ee728b)  -> (artifact id: '2e3ec995eee5576e5e1b68eb493a010a') in 0.043323 seconds
Number of updated asset objects reloaded before import = 0
Number of asset objects unloaded after import = 38
========================================================================
Received Import Request.
  Time since last request: 0.000022 seconds.
  path: Assets/3DModeling/greek/floor.fbx
  artifactKey: Guid(953975aec200859458d485f14c38aa11) Importer(815301076,1909f56bfc062723c751e8b465ee728b)
Start importing Assets/3DModeling/greek/floor.fbx using Guid(953975aec200859458d485f14c38aa11) Importer(815301076,1909f56bfc062723c751e8b465ee728b)  -> (artifact id: '3f4eb7b00020c9aac282ac224bba02c4') in 0.018495 seconds
Number of updated asset objects reloaded before import = 0
Number of asset objects unloaded after import = 22
========================================================================
Received Import Request.
  Time since last request: 0.000016 seconds.
  path: Assets/3DModeling/greek/句.png
  artifactKey: Guid(0c19f162032dda44184d5aefcb8c909e) Importer(815301076,1909f56bfc062723c751e8b465ee728b)
Start importing Assets/3DModeling/greek/句.png using Guid(0c19f162032dda44184d5aefcb8c909e) Importer(815301076,1909f56bfc062723c751e8b465ee728b)  -> (artifact id: '8269f57bf0f38be90c52d621af4ecdd7') in 0.005408 seconds
Number of updated asset objects reloaded before import = 0
Number of asset objects unloaded after import = 2
========================================================================
Received Import Request.
  Time since last request: 0.000034 seconds.
  path: Assets/3DModeling/greek/句3.png
  artifactKey: Guid(c1b393d6fdf8f574ea360b1666bcb17e) Importer(815301076,1909f56bfc062723c751e8b465ee728b)
Start importing Assets/3DModeling/greek/句3.png using Guid(c1b393d6fdf8f574ea360b1666bcb17e) Importer(815301076,1909f56bfc062723c751e8b465ee728b)  -> (artifact id: '6feaa91a208ec2ff4a201d59727bed1a') in 0.005281 seconds
Number of updated asset objects reloaded before import = 0
Number of asset objects unloaded after import = 2
========================================================================
Received Import Request.
  Time since last request: 0.000014 seconds.
  path: Assets/3DModeling/greek/enr021_Pier3.dds
  artifactKey: Guid(8519412902b159a449b48076b35e12fc) Importer(815301076,1909f56bfc062723c751e8b465ee728b)
Start importing Assets/3DModeling/greek/enr021_Pier3.dds using Guid(8519412902b159a449b48076b35e12fc) Importer(815301076,1909f56bfc062723c751e8b465ee728b)  -> (artifact id: '6eae910f1840a8ad681e9527c51299b6') in 0.010306 seconds
Number of updated asset objects reloaded before import = 0
Number of asset objects unloaded after import = 2
========================================================================
Received Import Request.
  Time since last request: 0.000015 seconds.
  path: Assets/3DModeling/greek/columA.fbx
  artifactKey: Guid(4ea3dbe93947520419a104df4ac846d8) Importer(815301076,1909f56bfc062723c751e8b465ee728b)
Start importing Assets/3DModeling/greek/columA.fbx using Guid(4ea3dbe93947520419a104df4ac846d8) Importer(815301076,1909f56bfc062723c751e8b465ee728b)  -> (artifact id: '35a1052027ec38e05139b32d3a583aea') in 0.052819 seconds
Number of updated asset objects reloaded before import = 0
Number of asset objects unloaded after import = 29
========================================================================
Received Import Request.
  Time since last request: 0.000016 seconds.
  path: Assets/3DModeling/greek/columB.fbx
  artifactKey: Guid(0727159ebd1b8da42aaf8a2bdba69825) Importer(815301076,1909f56bfc062723c751e8b465ee728b)
Start importing Assets/3DModeling/greek/columB.fbx using Guid(0727159ebd1b8da42aaf8a2bdba69825) Importer(815301076,1909f56bfc062723c751e8b465ee728b)  -> (artifact id: '85c5733cffaf92a5a3e3e41d145bda9b') in 0.025468 seconds
Number of updated asset objects reloaded before import = 0
Number of asset objects unloaded after import = 14
========================================================================
Received Import Request.
  Time since last request: 0.000015 seconds.
  path: Assets/3DModeling/greek/treeFull.fbx
  artifactKey: Guid(1f0a3754c15ec7c49bbdac888411bc63) Importer(815301076,1909f56bfc062723c751e8b465ee728b)
Start importing Assets/3DModeling/greek/treeFull.fbx using Guid(1f0a3754c15ec7c49bbdac888411bc63) Importer(815301076,1909f56bfc062723c751e8b465ee728b)  -> (artifact id: '825d2f6827598a0b9d1ecb2a86c793c3') in 0.184997 seconds
Number of updated asset objects reloaded before import = 0
Number of asset objects unloaded after import = 44
========================================================================
Received Import Request.
  Time since last request: 0.000017 seconds.
  path: Assets/3DModeling/greek/blrSC_001_Summerhouse_UV2.dds
  artifactKey: Guid(125d5ff4f5abe6040821f7d1c1a3b803) Importer(815301076,1909f56bfc062723c751e8b465ee728b)
Start importing Assets/3DModeling/greek/blrSC_001_Summerhouse_UV2.dds using Guid(125d5ff4f5abe6040821f7d1c1a3b803) Importer(815301076,1909f56bfc062723c751e8b465ee728b)  -> (artifact id: 'aed389e804620f6c114aa919756e8ca2') in 0.004962 seconds
Number of updated asset objects reloaded before import = 0
Number of asset objects unloaded after import = 2
========================================================================
Received Import Request.
  Time since last request: 0.000052 seconds.
  path: Assets/3DModeling/greek/colum_Plants.fbx
  artifactKey: Guid(0d998b95c9c09b743a6985759a9b6aea) Importer(815301076,1909f56bfc062723c751e8b465ee728b)
Start importing Assets/3DModeling/greek/colum_Plants.fbx using Guid(0d998b95c9c09b743a6985759a9b6aea) Importer(815301076,1909f56bfc062723c751e8b465ee728b)  -> (artifact id: '60dde9b501c1fc698db7e5a92453b1bb') in 0.018324 seconds
Number of updated asset objects reloaded before import = 0
Number of asset objects unloaded after import = 14
========================================================================
Received Import Request.
  Time since last request: 0.000019 seconds.
  path: Assets/3DModeling/greek/water.fbx
  artifactKey: Guid(d22e20ec33248b144905d0ba1eece32b) Importer(815301076,1909f56bfc062723c751e8b465ee728b)
Start importing Assets/3DModeling/greek/water.fbx using Guid(d22e20ec33248b144905d0ba1eece32b) Importer(815301076,1909f56bfc062723c751e8b465ee728b)  -> (artifact id: '3ae954dc19115ecabd056d6f843c8cb7') in 0.016352 seconds
Number of updated asset objects reloaded before import = 0
Number of asset objects unloaded after import = 14
Editor requested this worker to shutdown with reason: Scaling down because of idle timeout
TcpMessagingSession - receive error: operation aborted. errorcode: 995, details: 由于线程退出或应用程序请求，已中止 I/O 操作。
AssetImportWorker is now disconnected from the server
Process exiting
Exiting without the bug reporter. Application will terminate with return code 0