Using pre-set license
Built from '2022.3/staging' branch; Version is '2022.3.17f1 (4fc78088f837) revision 5228416'; Using compiler version '192829333'; Build Type 'Release'
OS: 'Windows 11  (10.0.22631) 64bit CoreCountrySpecific' Language: 'zh' Physical Memory: 16108 MB
BatchMode: 1, IsHumanControllingUs: 0, StartBugReporterOnCrash: 0, Is64bit: 1, IsPro: 1

COMMAND LINE ARGUMENTS:
E:\2022.3.17f1\Editor\Unity.exe
-adb2
-batchMode
-noUpm
-name
AssetImportWorker1
-projectPath
E:/FMG-Project2/GreekAsset/My project (2)
-logFile
Logs/AssetImportWorker1.log
-srvPort
64826
Successfully changed project path to: E:/FMG-Project2/GreekAsset/My project (2)
E:/FMG-Project2/GreekAsset/My project (2)
[UnityMemory] Configuration Parameters - Can be set up in boot.config
    "memorysetup-bucket-allocator-granularity=16"
    "memorysetup-bucket-allocator-bucket-count=8"
    "memorysetup-bucket-allocator-block-size=33554432"
    "memorysetup-bucket-allocator-block-count=8"
    "memorysetup-main-allocator-block-size=16777216"
    "memorysetup-thread-allocator-block-size=16777216"
    "memorysetup-gfx-main-allocator-block-size=16777216"
    "memorysetup-gfx-thread-allocator-block-size=16777216"
    "memorysetup-cache-allocator-block-size=4194304"
    "memorysetup-typetree-allocator-block-size=2097152"
    "memorysetup-profiler-bucket-allocator-granularity=16"
    "memorysetup-profiler-bucket-allocator-bucket-count=8"
    "memorysetup-profiler-bucket-allocator-block-size=33554432"
    "memorysetup-profiler-bucket-allocator-block-count=8"
    "memorysetup-profiler-allocator-block-size=16777216"
    "memorysetup-profiler-editor-allocator-block-size=1048576"
    "memorysetup-temp-allocator-size-main=16777216"
    "memorysetup-job-temp-allocator-block-size=2097152"
    "memorysetup-job-temp-allocator-block-size-background=1048576"
    "memorysetup-job-temp-allocator-reduction-small-platforms=262144"
    "memorysetup-allocator-temp-initial-block-size-main=262144"
    "memorysetup-allocator-temp-initial-block-size-worker=262144"
    "memorysetup-temp-allocator-size-background-worker=32768"
    "memorysetup-temp-allocator-size-job-worker=262144"
    "memorysetup-temp-allocator-size-preload-manager=33554432"
    "memorysetup-temp-allocator-size-nav-mesh-worker=65536"
    "memorysetup-temp-allocator-size-audio-worker=65536"
    "memorysetup-temp-allocator-size-cloud-worker=32768"
    "memorysetup-temp-allocator-size-gi-baking-worker=262144"
    "memorysetup-temp-allocator-size-gfx=262144"
Player connection [37144] Host "[IP] 10.0.0.160 [Port] 0 [Flags] 2 [Guid] 1132690429 [EditorId] 1132690429 [Version] 1048832 [Id] WindowsEditor(7,EUthana) [Debug] 1 [PackageName] WindowsEditor [ProjectName] Editor" joined multi-casting on [225.0.0.222:54997]...

Player connection [37144] Host "[IP] 10.0.0.160 [Port] 0 [Flags] 2 [Guid] 1132690429 [EditorId] 1132690429 [Version] 1048832 [Id] WindowsEditor(7,EUthana) [Debug] 1 [PackageName] WindowsEditor [ProjectName] Editor" joined alternative multi-casting on [225.0.0.222:34997]...

[Physics::Module] Initialized MultithreadedJobDispatcher with 19 workers.
Refreshing native plugins compatible for Editor in 5.16 ms, found 3 plugins.
Preloading 0 native plugins for Editor in 0.00 ms.
Initialize engine version: 2022.3.17f1 (4fc78088f837)
[Subsystems] Discovering subsystems at path E:/2022.3.17f1/Editor/Data/Resources/UnitySubsystems
[Subsystems] Discovering subsystems at path E:/FMG-Project2/GreekAsset/My project (2)/Assets
GfxDevice: creating device client; threaded=0; jobified=0
Direct3D:
    Version:  Direct3D 11.0 [level 11.1]
    Renderer: NVIDIA GeForce RTX 3060 Laptop GPU (ID=0x2560)
    Vendor:   NVIDIA
    VRAM:     5996 MB
    Driver:   31.0.15.5222
Initialize mono
Mono path[0] = 'E:/2022.3.17f1/Editor/Data/Managed'
Mono path[1] = 'E:/2022.3.17f1/Editor/Data/MonoBleedingEdge/lib/mono/unityjit-win32'
Mono config path = 'E:/2022.3.17f1/Editor/Data/MonoBleedingEdge/etc'
Using monoOptions --debugger-agent=transport=dt_socket,embedding=1,server=y,suspend=n,address=127.0.0.1:56600
Begin MonoManager ReloadAssembly
Registering precompiled unity dll's ...
Register platform support module: E:/2022.3.17f1/Editor/Data/PlaybackEngines/WindowsStandaloneSupport/UnityEditor.WindowsStandalone.Extensions.dll
Registered in 0.002493 seconds.
- Loaded All Assemblies, in  0.255 seconds
Native extension for WindowsStandalone target not found
Mono: successfully reloaded assembly
- Finished resetting the current domain, in  0.195 seconds
Domain Reload Profiling: 451ms
	BeginReloadAssembly (93ms)
		ExecutionOrderSort (0ms)
		DisableScriptedObjects (0ms)
		BackupInstance (0ms)
		ReleaseScriptingObjects (0ms)
		CreateAndSetChildDomain (0ms)
	RebuildCommonClasses (23ms)
	RebuildNativeTypeToScriptingClass (6ms)
	initialDomainReloadingComplete (35ms)
	LoadAllAssembliesAndSetupDomain (97ms)
		LoadAssemblies (93ms)
		RebuildTransferFunctionScriptingTraits (0ms)
		AnalyzeDomain (95ms)
			TypeCache.Refresh (94ms)
				TypeCache.ScanAssembly (83ms)
			ScanForSourceGeneratedMonoScriptInfo (0ms)
			ResolveRequiredComponents (0ms)
	FinalizeReload (195ms)
		ReleaseScriptCaches (0ms)
		RebuildScriptCaches (0ms)
		SetupLoadedEditorAssemblies (153ms)
			LogAssemblyErrors (0ms)
			InitializePlatformSupportModulesInManaged (6ms)
			SetLoadedEditorAssemblies (6ms)
			RefreshPlugins (0ms)
			BeforeProcessingInitializeOnLoad (2ms)
			ProcessInitializeOnLoadAttributes (102ms)
			ProcessInitializeOnLoadMethodAttributes (38ms)
			AfterProcessingInitializeOnLoad (0ms)
			EditorAssembliesLoaded (0ms)
		ExecutionOrderSort2 (0ms)
		AwakeInstancesAfterBackupRestoration (0ms)
========================================================================
Worker process is ready to serve import requests
Begin MonoManager ReloadAssembly
- Loaded All Assemblies, in  0.512 seconds
Refreshing native plugins compatible for Editor in 1.78 ms, found 3 plugins.
Native extension for WindowsStandalone target not found
Package Manager log level set to [2]
[Package Manager] Server::EnsureServerProcessIsRunning -- launch failed, reason: Unity was launched with the -noUpm command-line argument
[Package Manager] UpmClient::Send -- Unable to send message (not connected to UPM process).
[Package Manager] Cannot connect to Unity Package Manager local server
Mono: successfully reloaded assembly
- Finished resetting the current domain, in  0.425 seconds
Domain Reload Profiling: 938ms
	BeginReloadAssembly (133ms)
		ExecutionOrderSort (0ms)
		DisableScriptedObjects (4ms)
		BackupInstance (0ms)
		ReleaseScriptingObjects (0ms)
		CreateAndSetChildDomain (15ms)
	RebuildCommonClasses (24ms)
	RebuildNativeTypeToScriptingClass (7ms)
	initialDomainReloadingComplete (26ms)
	LoadAllAssembliesAndSetupDomain (323ms)
		LoadAssemblies (288ms)
		RebuildTransferFunctionScriptingTraits (0ms)
		AnalyzeDomain (120ms)
			TypeCache.Refresh (105ms)
				TypeCache.ScanAssembly (95ms)
			ScanForSourceGeneratedMonoScriptInfo (11ms)
			ResolveRequiredComponents (2ms)
	FinalizeReload (426ms)
		ReleaseScriptCaches (0ms)
		RebuildScriptCaches (0ms)
		SetupLoadedEditorAssemblies (323ms)
			LogAssemblyErrors (0ms)
			InitializePlatformSupportModulesInManaged (3ms)
			SetLoadedEditorAssemblies (4ms)
			RefreshPlugins (0ms)
			BeforeProcessingInitializeOnLoad (39ms)
			ProcessInitializeOnLoadAttributes (262ms)
			ProcessInitializeOnLoadMethodAttributes (15ms)
			AfterProcessingInitializeOnLoad (1ms)
			EditorAssembliesLoaded (0ms)
		ExecutionOrderSort2 (0ms)
		AwakeInstancesAfterBackupRestoration (7ms)
Launched and connected shader compiler UnityShaderCompiler.exe after 0.05 seconds
Refreshing native plugins compatible for Editor in 1.82 ms, found 3 plugins.
Preloading 0 native plugins for Editor in 0.00 ms.
Unloading 3092 Unused Serialized files (Serialized files now loaded: 0)
Unloading 32 unused Assets / (57.0 KB). Loaded Objects now: 3553.
Memory consumption went from 123.1 MB to 123.0 MB.
Total: 2.292100 ms (FindLiveObjects: 0.159400 ms CreateObjectMapping: 0.066800 ms MarkObjects: 1.994200 ms  DeleteObjects: 0.070800 ms)

AssetImportParameters requested are different than current active one (requested -> active):
  custom:container-demuxer-ogg: 62fdf1f143b41e24485cea50d1cbac27 -> 
  custom:video-codec-MediaFoundation-h265: 746d11721c4dcdbdad8f713fa42b33f4 -> 
  custom:video-decoder-ogg-theora: a1e56fd34408186e4bbccfd4996cb3dc -> 
  custom:framework-win-MediaFoundation: 216162199b28c13a410421893ffa2e32 -> 
  custom:CustomObjectIndexerAttribute: 6d391050e5a25f67b0a2c618074f2cd9 -> 
  custom:container-demuxer-webm: 4f35f7cbe854078d1ac9338744f61a02 -> 
  custom:container-muxer-webm: aa71ff27fc2769a1b78a27578f13a17b -> 
  custom:video-decoder-webm-vp8: 9c59270c3fd7afecdb556c50c9e8de78 -> 
  custom:SearchIndexIgnoredProperties: e643bd26f0fe6173181afceb89e7c659 -> 
  custom:AudioImporter_EditorPlatform: d09bf68614088b80899f8185d706f6e7 -> 
  custom:video-encoder-webm-vp8: eb34c28f22e8b96e1ab97ce403110664 -> 
  custom:audio-decoder-ogg-vorbis: bf7c407c2cedff20999df2af8eb42d56 -> 
  custom:audio-encoder-webm-vorbis: bf7c407c2cedff20999df2af8eb42d56 -> 
========================================================================
Received Import Request.
  Time since last request: 338985.692461 seconds.
  path: Assets/3DModeling/greek/blrSC_001_Summerhouse.dds
  artifactKey: Guid(12754edaca284674eb3d8f1dce7519f2) Importer(815301076,1909f56bfc062723c751e8b465ee728b)
Start importing Assets/3DModeling/greek/blrSC_001_Summerhouse.dds using Guid(12754edaca284674eb3d8f1dce7519f2) Importer(815301076,1909f56bfc062723c751e8b465ee728b)  -> (artifact id: '6a4b28f795f72e7b314e59724b15f9a4') in 0.052178 seconds
Number of updated asset objects reloaded before import = 0
Number of asset objects unloaded after import = 2
========================================================================
Received Import Request.
  Time since last request: 0.000021 seconds.
  path: Assets/3DModeling/greek/TreeA.fbx
  artifactKey: Guid(68bb036a332f5614b86895573e4ddb4e) Importer(815301076,1909f56bfc062723c751e8b465ee728b)
Start importing Assets/3DModeling/greek/TreeA.fbx using Guid(68bb036a332f5614b86895573e4ddb4e) Importer(815301076,1909f56bfc062723c751e8b465ee728b)  -> (artifact id: '9fbbd1a140fb469e00021cc7b9c439e3') in 0.413029 seconds
Number of updated asset objects reloaded before import = 0
Number of asset objects unloaded after import = 16
========================================================================
Received Import Request.
  Time since last request: 0.000018 seconds.
  path: Assets/3DModeling/greek/floor_stone.fbx
  artifactKey: Guid(46fc8844fd5eff345929c1cd3ecf994d) Importer(815301076,1909f56bfc062723c751e8b465ee728b)
Start importing Assets/3DModeling/greek/floor_stone.fbx using Guid(46fc8844fd5eff345929c1cd3ecf994d) Importer(815301076,1909f56bfc062723c751e8b465ee728b)  -> (artifact id: 'd250f1f839406fdc3233b5035b12e605') in 0.022604 seconds
Number of updated asset objects reloaded before import = 0
Number of asset objects unloaded after import = 14
========================================================================
Received Import Request.
  Time since last request: 0.000025 seconds.
  path: Assets/3DModeling/greek/rock_Full.fbx
  artifactKey: Guid(59ec2003501c77d479d5be770afc19bb) Importer(815301076,1909f56bfc062723c751e8b465ee728b)
Start importing Assets/3DModeling/greek/rock_Full.fbx using Guid(59ec2003501c77d479d5be770afc19bb) Importer(815301076,1909f56bfc062723c751e8b465ee728b)  -> (artifact id: '502d1ba8576466f957395d85e731745a') in 0.087253 seconds
Number of updated asset objects reloaded before import = 0
Number of asset objects unloaded after import = 60
========================================================================
Received Import Request.
  Time since last request: 0.000013 seconds.
  path: Assets/3DModeling/greek/Summerhouse_UV2.png
  artifactKey: Guid(4476299081e5c8f40b0cd5b02840acdf) Importer(815301076,1909f56bfc062723c751e8b465ee728b)
Start importing Assets/3DModeling/greek/Summerhouse_UV2.png using Guid(4476299081e5c8f40b0cd5b02840acdf) Importer(815301076,1909f56bfc062723c751e8b465ee728b)  -> (artifact id: '810c12b0800c56a95d935170ec7ad90e') in 0.007478 seconds
Number of updated asset objects reloaded before import = 0
Number of asset objects unloaded after import = 2
========================================================================
Received Import Request.
  Time since last request: 0.000031 seconds.
  path: Assets/3DModeling/greek/tree.fbx
  artifactKey: Guid(f9644d6d758383445be31ec69368f08a) Importer(815301076,1909f56bfc062723c751e8b465ee728b)
Start importing Assets/3DModeling/greek/tree.fbx using Guid(f9644d6d758383445be31ec69368f08a) Importer(815301076,1909f56bfc062723c751e8b465ee728b)  -> (artifact id: '3c49a0b5979026737be9e1e77320ea9b') in 0.029454 seconds
Number of updated asset objects reloaded before import = 0
Number of asset objects unloaded after import = 24
========================================================================
Received Import Request.
  Time since last request: 0.000014 seconds.
  path: Assets/3DModeling/greek/g1.png
  artifactKey: Guid(be9da192bf1e9e34caf67b7afffcfbba) Importer(815301076,1909f56bfc062723c751e8b465ee728b)
Start importing Assets/3DModeling/greek/g1.png using Guid(be9da192bf1e9e34caf67b7afffcfbba) Importer(815301076,1909f56bfc062723c751e8b465ee728b)  -> (artifact id: '78d14ad1bf29023a69421f226a2978ec') in 0.009483 seconds
Number of updated asset objects reloaded before import = 0
Number of asset objects unloaded after import = 2
========================================================================
Received Import Request.
  Time since last request: 0.000031 seconds.
  path: Assets/3DModeling/greek/图例2.png
  artifactKey: Guid(b0eeabbad6caaa542ab4aa241d0a090c) Importer(815301076,1909f56bfc062723c751e8b465ee728b)
Start importing Assets/3DModeling/greek/图例2.png using Guid(b0eeabbad6caaa542ab4aa241d0a090c) Importer(815301076,1909f56bfc062723c751e8b465ee728b)  -> (artifact id: '9b9d09547562cd24e1e20383c28ca215') in 0.006310 seconds
Number of updated asset objects reloaded before import = 0
Number of asset objects unloaded after import = 2
========================================================================
Received Import Request.
  Time since last request: 0.000021 seconds.
  path: Assets/3DModeling/greek/rock.fbx
  artifactKey: Guid(31718bf3bc3af374ab963cc13722c44e) Importer(815301076,1909f56bfc062723c751e8b465ee728b)
Start importing Assets/3DModeling/greek/rock.fbx using Guid(31718bf3bc3af374ab963cc13722c44e) Importer(815301076,1909f56bfc062723c751e8b465ee728b)  -> (artifact id: '2d5a983f8c9c531c994d1d00b7b75b7c') in 0.069448 seconds
Number of updated asset objects reloaded before import = 0
Number of asset objects unloaded after import = 59
Editor requested this worker to shutdown with reason: Scaling down because of idle timeout
TcpMessagingSession - receive error
AssetImportWorkerClient::OnTransportError - code=2 error=End of file
AssetImportWorker is now disconnected from the server
Process exiting
Exiting without the bug reporter. Application will terminate with return code 0